/var/spool/gridengine/execd/compute-0-5/job_scripts/209667: line 17: faa_stat.pl: command not found
Name "main::bl_dir" used only once: possible typo at /data5/data/NGS-ann-project/apps/cd-hit/psi-cd-hit/psi-cd-hit.pl line 103.
FASTA-Reader: Ignoring invalid residues at position(s): On line 464: 59
FASTA-Reader: Ignoring invalid residues at position(s): On line 15553: 59
FASTA-Reader: Ignoring invalid residues at position(s): On line 31145: 25
FASTA-Reader: Ignoring invalid residues at position(s): On line 109750: 40
FASTA-Reader: Ignoring invalid residues at position(s): On line 120650: 10, 15, 22, 31, 47
FASTA-Reader: Ignoring invalid residues at position(s): On line 120651: 13, 15-16, 23, 28, 34, 50, 61
FASTA-Reader: Ignoring invalid residues at position(s): On line 120652: 15, 17, 55
FASTA-Reader: Ignoring invalid residues at position(s): On line 417174: 35
Warning: [blastp] lcl|Query_5 78831.1492: Warning: Could not calculate ungapped Karlin-Altschul parameters due to an invalid query sequence or its translation. Please verify the query sequence(s) and/or filtering options 
Name "main::bl_dir" used only once: possible typo at /data5/data/NGS-ann-project/apps/cd-hit/psi-cd-hit/psi-cd-hit.pl line 103.
Name "main::bl_dir" used only once: possible typo at /data5/data/NGS-ann-project/apps/cd-hit/psi-cd-hit/psi-cd-hit.pl line 103.
Name "main::bl_dir" used only once: possible typo at /data5/data/NGS-ann-project/apps/cd-hit/psi-cd-hit/psi-cd-hit.pl line 103.
Name "main::bl_dir" used only once: possible typo at /data5/data/NGS-ann-project/apps/cd-hit/psi-cd-hit/psi-cd-hit.pl line 103.
Name "main::bl_dir" used only once: possible typo at /data5/data/NGS-ann-project/apps/cd-hit/psi-cd-hit/psi-cd-hit.pl line 103.
Name "main::bl_dir" used only once: possible typo at /data5/data/NGS-ann-project/apps/cd-hit/psi-cd-hit/psi-cd-hit.pl line 103.
Name "main::bl_dir" used only once: possible typo at /data5/data/NGS-ann-project/apps/cd-hit/psi-cd-hit/psi-cd-hit.pl line 103.
Name "main::bl_dir" used only once: possible typo at /data5/data/NGS-ann-project/apps/cd-hit/psi-cd-hit/psi-cd-hit.pl line 103.
Name "main::bl_dir" used only once: possible typo at /data5/data/NGS-ann-project/apps/cd-hit/psi-cd-hit/psi-cd-hit.pl line 103.
Name "main::bl_dir" used only once: possible typo at /data5/data/NGS-ann-project/apps/cd-hit/psi-cd-hit/psi-cd-hit.pl line 103.
Name "main::bl_dir" used only once: possible typo at /data5/data/NGS-ann-project/apps/cd-hit/psi-cd-hit/psi-cd-hit.pl line 103.
Name "main::bl_dir" used only once: possible typo at /data5/data/NGS-ann-project/apps/cd-hit/psi-cd-hit/psi-cd-hit.pl line 103.
Name "main::bl_dir" used only once: possible typo at /data5/data/NGS-ann-project/apps/cd-hit/psi-cd-hit/psi-cd-hit.pl line 103.
Name "main::bl_dir" used only once: possible typo at /data5/data/NGS-ann-project/apps/cd-hit/psi-cd-hit/psi-cd-hit.pl line 103.
Name "main::bl_dir" used only once: possible typo at /data5/data/NGS-ann-project/apps/cd-hit/psi-cd-hit/psi-cd-hit.pl line 103.
Name "main::bl_dir" used only once: possible typo at /data5/data/NGS-ann-project/apps/cd-hit/psi-cd-hit/psi-cd-hit.pl line 103.
Name "main::bl_dir" used only once: possible typo at /data5/data/NGS-ann-project/apps/cd-hit/psi-cd-hit/psi-cd-hit.pl line 103.
Name "main::bl_dir" used only once: possible typo at /data5/data/NGS-ann-project/apps/cd-hit/psi-cd-hit/psi-cd-hit.pl line 103.
Name "main::bl_dir" used only once: possible typo at /data5/data/NGS-ann-project/apps/cd-hit/psi-cd-hit/psi-cd-hit.pl line 103.
Name "main::bl_dir" used only once: possible typo at /data5/data/NGS-ann-project/apps/cd-hit/psi-cd-hit/psi-cd-hit.pl line 103.
Name "main::bl_dir" used only once: possible typo at /data5/data/NGS-ann-project/apps/cd-hit/psi-cd-hit/psi-cd-hit.pl line 103.
Name "main::bl_dir" used only once: possible typo at /data5/data/NGS-ann-project/apps/cd-hit/psi-cd-hit/psi-cd-hit.pl line 103.
Name "main::bl_dir" used only once: possible typo at /data5/data/NGS-ann-project/apps/cd-hit/psi-cd-hit/psi-cd-hit.pl line 103.
Name "main::bl_dir" used only once: possible typo at /data5/data/NGS-ann-project/apps/cd-hit/psi-cd-hit/psi-cd-hit.pl line 103.
Name "main::bl_dir" used only once: possible typo at /data5/data/NGS-ann-project/apps/cd-hit/psi-cd-hit/psi-cd-hit.pl line 103.
Name "main::bl_dir" used only once: possible typo at /data5/data/NGS-ann-project/apps/cd-hit/psi-cd-hit/psi-cd-hit.pl line 103.
Name "main::bl_dir" used only once: possible typo at /data5/data/NGS-ann-project/apps/cd-hit/psi-cd-hit/psi-cd-hit.pl line 103.
Name "main::bl_dir" used only once: possible typo at /data5/data/NGS-ann-project/apps/cd-hit/psi-cd-hit/psi-cd-hit.pl line 103.
Name "main::bl_dir" used only once: possible typo at /data5/data/NGS-ann-project/apps/cd-hit/psi-cd-hit/psi-cd-hit.pl line 103.
Name "main::bl_dir" used only once: possible typo at /data5/data/NGS-ann-project/apps/cd-hit/psi-cd-hit/psi-cd-hit.pl line 103.
Name "main::bl_dir" used only once: possible typo at /data5/data/NGS-ann-project/apps/cd-hit/psi-cd-hit/psi-cd-hit.pl line 103.
Name "main::bl_dir" used only once: possible typo at /data5/data/NGS-ann-project/apps/cd-hit/psi-cd-hit/psi-cd-hit.pl line 103.
Name "main::bl_dir" used only once: possible typo at /data5/data/NGS-ann-project/apps/cd-hit/psi-cd-hit/psi-cd-hit.pl line 103.
Name "main::bl_dir" used only once: possible typo at /data5/data/NGS-ann-project/apps/cd-hit/psi-cd-hit/psi-cd-hit.pl line 103.
Name "main::bl_dir" used only once: possible typo at /data5/data/NGS-ann-project/apps/cd-hit/psi-cd-hit/psi-cd-hit.pl line 103.
Name "main::bl_dir" used only once: possible typo at /data5/data/NGS-ann-project/apps/cd-hit/psi-cd-hit/psi-cd-hit.pl line 103.
Name "main::bl_dir" used only once: possible typo at /data5/data/NGS-ann-project/apps/cd-hit/psi-cd-hit/psi-cd-hit.pl line 103.
Name "main::bl_dir" used only once: possible typo at /data5/data/NGS-ann-project/apps/cd-hit/psi-cd-hit/psi-cd-hit.pl line 103.
Name "main::bl_dir" used only once: possible typo at /data5/data/NGS-ann-project/apps/cd-hit/psi-cd-hit/psi-cd-hit.pl line 103.
Name "main::bl_dir" used only once: possible typo at /data5/data/NGS-ann-project/apps/cd-hit/psi-cd-hit/psi-cd-hit.pl line 103.
Name "main::bl_dir" used only once: possible typo at /data5/data/NGS-ann-project/apps/cd-hit/psi-cd-hit/psi-cd-hit.pl line 103.
Name "main::bl_dir" used only once: possible typo at /data5/data/NGS-ann-project/apps/cd-hit/psi-cd-hit/psi-cd-hit.pl line 103.
Name "main::bl_dir" used only once: possible typo at /data5/data/NGS-ann-project/apps/cd-hit/psi-cd-hit/psi-cd-hit.pl line 103.
Name "main::bl_dir" used only once: possible typo at /data5/data/NGS-ann-project/apps/cd-hit/psi-cd-hit/psi-cd-hit.pl line 103.
Name "main::bl_dir" used only once: possible typo at /data5/data/NGS-ann-project/apps/cd-hit/psi-cd-hit/psi-cd-hit.pl line 103.
Name "main::bl_dir" used only once: possible typo at /data5/data/NGS-ann-project/apps/cd-hit/psi-cd-hit/psi-cd-hit.pl line 103.
Name "main::bl_dir" used only once: possible typo at /data5/data/NGS-ann-project/apps/cd-hit/psi-cd-hit/psi-cd-hit.pl line 103.
Name "main::bl_dir" used only once: possible typo at /data5/data/NGS-ann-project/apps/cd-hit/psi-cd-hit/psi-cd-hit.pl line 103.
Name "main::bl_dir" used only once: possible typo at /data5/data/NGS-ann-project/apps/cd-hit/psi-cd-hit/psi-cd-hit.pl line 103.
Name "main::bl_dir" used only once: possible typo at /data5/data/NGS-ann-project/apps/cd-hit/psi-cd-hit/psi-cd-hit.pl line 103.
Name "main::bl_dir" used only once: possible typo at /data5/data/NGS-ann-project/apps/cd-hit/psi-cd-hit/psi-cd-hit.pl line 103.
Name "main::bl_dir" used only once: possible typo at /data5/data/NGS-ann-project/apps/cd-hit/psi-cd-hit/psi-cd-hit.pl line 103.
Name "main::bl_dir" used only once: possible typo at /data5/data/NGS-ann-project/apps/cd-hit/psi-cd-hit/psi-cd-hit.pl line 103.
Name "main::bl_dir" used only once: possible typo at /data5/data/NGS-ann-project/apps/cd-hit/psi-cd-hit/psi-cd-hit.pl line 103.
Name "main::bl_dir" used only once: possible typo at /data5/data/NGS-ann-project/apps/cd-hit/psi-cd-hit/psi-cd-hit.pl line 103.
Name "main::bl_dir" used only once: possible typo at /data5/data/NGS-ann-project/apps/cd-hit/psi-cd-hit/psi-cd-hit.pl line 103.
Name "main::bl_dir" used only once: possible typo at /data5/data/NGS-ann-project/apps/cd-hit/psi-cd-hit/psi-cd-hit.pl line 103.
Name "main::bl_dir" used only once: possible typo at /data5/data/NGS-ann-project/apps/cd-hit/psi-cd-hit/psi-cd-hit.pl line 103.
Name "main::bl_dir" used only once: possible typo at /data5/data/NGS-ann-project/apps/cd-hit/psi-cd-hit/psi-cd-hit.pl line 103.
Name "main::bl_dir" used only once: possible typo at /data5/data/NGS-ann-project/apps/cd-hit/psi-cd-hit/psi-cd-hit.pl line 103.
Name "main::bl_dir" used only once: possible typo at /data5/data/NGS-ann-project/apps/cd-hit/psi-cd-hit/psi-cd-hit.pl line 103.
Name "main::bl_dir" used only once: possible typo at /data5/data/NGS-ann-project/apps/cd-hit/psi-cd-hit/psi-cd-hit.pl line 103.
Name "main::bl_dir" used only once: possible typo at /data5/data/NGS-ann-project/apps/cd-hit/psi-cd-hit/psi-cd-hit.pl line 103.
Name "main::bl_dir" used only once: possible typo at /data5/data/NGS-ann-project/apps/cd-hit/psi-cd-hit/psi-cd-hit.pl line 103.
Name "main::bl_dir" used only once: possible typo at /data5/data/NGS-ann-project/apps/cd-hit/psi-cd-hit/psi-cd-hit.pl line 103.
Name "main::bl_dir" used only once: possible typo at /data5/data/NGS-ann-project/apps/cd-hit/psi-cd-hit/psi-cd-hit.pl line 103.
Name "main::bl_dir" used only once: possible typo at /data5/data/NGS-ann-project/apps/cd-hit/psi-cd-hit/psi-cd-hit.pl line 103.
Name "main::bl_dir" used only once: possible typo at /data5/data/NGS-ann-project/apps/cd-hit/psi-cd-hit/psi-cd-hit.pl line 103.
Name "main::bl_dir" used only once: possible typo at /data5/data/NGS-ann-project/apps/cd-hit/psi-cd-hit/psi-cd-hit.pl line 103.
Name "main::bl_dir" used only once: possible typo at /data5/data/NGS-ann-project/apps/cd-hit/psi-cd-hit/psi-cd-hit.pl line 103.
Name "main::bl_dir" used only once: possible typo at /data5/data/NGS-ann-project/apps/cd-hit/psi-cd-hit/psi-cd-hit.pl line 103.
Name "main::bl_dir" used only once: possible typo at /data5/data/NGS-ann-project/apps/cd-hit/psi-cd-hit/psi-cd-hit.pl line 103.
Name "main::bl_dir" used only once: possible typo at /data5/data/NGS-ann-project/apps/cd-hit/psi-cd-hit/psi-cd-hit.pl line 103.
Name "main::bl_dir" used only once: possible typo at /data5/data/NGS-ann-project/apps/cd-hit/psi-cd-hit/psi-cd-hit.pl line 103.
Name "main::bl_dir" used only once: possible typo at /data5/data/NGS-ann-project/apps/cd-hit/psi-cd-hit/psi-cd-hit.pl line 103.
Name "main::bl_dir" used only once: possible typo at /data5/data/NGS-ann-project/apps/cd-hit/psi-cd-hit/psi-cd-hit.pl line 103.
Name "main::bl_dir" used only once: possible typo at /data5/data/NGS-ann-project/apps/cd-hit/psi-cd-hit/psi-cd-hit.pl line 103.
Name "main::bl_dir" used only once: possible typo at /data5/data/NGS-ann-project/apps/cd-hit/psi-cd-hit/psi-cd-hit.pl line 103.
Name "main::bl_dir" used only once: possible typo at /data5/data/NGS-ann-project/apps/cd-hit/psi-cd-hit/psi-cd-hit.pl line 103.
Name "main::bl_dir" used only once: possible typo at /data5/data/NGS-ann-project/apps/cd-hit/psi-cd-hit/psi-cd-hit.pl line 103.
Name "main::bl_dir" used only once: possible typo at /data5/data/NGS-ann-project/apps/cd-hit/psi-cd-hit/psi-cd-hit.pl line 103.
Name "main::bl_dir" used only once: possible typo at /data5/data/NGS-ann-project/apps/cd-hit/psi-cd-hit/psi-cd-hit.pl line 103.
Name "main::bl_dir" used only once: possible typo at /data5/data/NGS-ann-project/apps/cd-hit/psi-cd-hit/psi-cd-hit.pl line 103.
Name "main::bl_dir" used only once: possible typo at /data5/data/NGS-ann-project/apps/cd-hit/psi-cd-hit/psi-cd-hit.pl line 103.
Name "main::bl_dir" used only once: possible typo at /data5/data/NGS-ann-project/apps/cd-hit/psi-cd-hit/psi-cd-hit.pl line 103.
Name "main::bl_dir" used only once: possible typo at /data5/data/NGS-ann-project/apps/cd-hit/psi-cd-hit/psi-cd-hit.pl line 103.
Name "main::bl_dir" used only once: possible typo at /data5/data/NGS-ann-project/apps/cd-hit/psi-cd-hit/psi-cd-hit.pl line 103.
Name "main::bl_dir" used only once: possible typo at /data5/data/NGS-ann-project/apps/cd-hit/psi-cd-hit/psi-cd-hit.pl line 103.
Name "main::bl_dir" used only once: possible typo at /data5/data/NGS-ann-project/apps/cd-hit/psi-cd-hit/psi-cd-hit.pl line 103.
FASTA-Reader: Ignoring invalid residues at position(s): On line 464: 59
FASTA-Reader: Ignoring invalid residues at position(s): On line 15553: 59
FASTA-Reader: Ignoring invalid residues at position(s): On line 31145: 25
FASTA-Reader: Ignoring invalid residues at position(s): On line 109750: 40
FASTA-Reader: Ignoring invalid residues at position(s): On line 120650: 10, 15, 22, 31, 47
FASTA-Reader: Ignoring invalid residues at position(s): On line 120651: 13, 15-16, 23, 28, 34, 50, 61
FASTA-Reader: Ignoring invalid residues at position(s): On line 120652: 15, 17, 55
Name "main::bl_dir" used only once: possible typo at /data5/data/NGS-ann-project/apps/cd-hit/psi-cd-hit/psi-cd-hit.pl line 103.
Name "main::bl_dir" used only once: possible typo at /data5/data/NGS-ann-project/apps/cd-hit/psi-cd-hit/psi-cd-hit.pl line 103.
Name "main::bl_dir" used only once: possible typo at /data5/data/NGS-ann-project/apps/cd-hit/psi-cd-hit/psi-cd-hit.pl line 103.
Name "main::bl_dir" used only once: possible typo at /data5/data/NGS-ann-project/apps/cd-hit/psi-cd-hit/psi-cd-hit.pl line 103.
Name "main::bl_dir" used only once: possible typo at /data5/data/NGS-ann-project/apps/cd-hit/psi-cd-hit/psi-cd-hit.pl line 103.
Name "main::bl_dir" used only once: possible typo at /data5/data/NGS-ann-project/apps/cd-hit/psi-cd-hit/psi-cd-hit.pl line 103.
Name "main::bl_dir" used only once: possible typo at /data5/data/NGS-ann-project/apps/cd-hit/psi-cd-hit/psi-cd-hit.pl line 103.
Name "main::bl_dir" used only once: possible typo at /data5/data/NGS-ann-project/apps/cd-hit/psi-cd-hit/psi-cd-hit.pl line 103.
Name "main::bl_dir" used only once: possible typo at /data5/data/NGS-ann-project/apps/cd-hit/psi-cd-hit/psi-cd-hit.pl line 103.
Name "main::bl_dir" used only once: possible typo at /data5/data/NGS-ann-project/apps/cd-hit/psi-cd-hit/psi-cd-hit.pl line 103.
Name "main::bl_dir" used only once: possible typo at /data5/data/NGS-ann-project/apps/cd-hit/psi-cd-hit/psi-cd-hit.pl line 103.
Name "main::bl_dir" used only once: possible typo at /data5/data/NGS-ann-project/apps/cd-hit/psi-cd-hit/psi-cd-hit.pl line 103.
Name "main::bl_dir" used only once: possible typo at /data5/data/NGS-ann-project/apps/cd-hit/psi-cd-hit/psi-cd-hit.pl line 103.
Name "main::bl_dir" used only once: possible typo at /data5/data/NGS-ann-project/apps/cd-hit/psi-cd-hit/psi-cd-hit.pl line 103.
Name "main::bl_dir" used only once: possible typo at /data5/data/NGS-ann-project/apps/cd-hit/psi-cd-hit/psi-cd-hit.pl line 103.
Name "main::bl_dir" used only once: possible typo at /data5/data/NGS-ann-project/apps/cd-hit/psi-cd-hit/psi-cd-hit.pl line 103.
Name "main::bl_dir" used only once: possible typo at /data5/data/NGS-ann-project/apps/cd-hit/psi-cd-hit/psi-cd-hit.pl line 103.
Name "main::bl_dir" used only once: possible typo at /data5/data/NGS-ann-project/apps/cd-hit/psi-cd-hit/psi-cd-hit.pl line 103.
Name "main::bl_dir" used only once: possible typo at /data5/data/NGS-ann-project/apps/cd-hit/psi-cd-hit/psi-cd-hit.pl line 103.
Name "main::bl_dir" used only once: possible typo at /data5/data/NGS-ann-project/apps/cd-hit/psi-cd-hit/psi-cd-hit.pl line 103.
Name "main::bl_dir" used only once: possible typo at /data5/data/NGS-ann-project/apps/cd-hit/psi-cd-hit/psi-cd-hit.pl line 103.
Name "main::bl_dir" used only once: possible typo at /data5/data/NGS-ann-project/apps/cd-hit/psi-cd-hit/psi-cd-hit.pl line 103.
Name "main::bl_dir" used only once: possible typo at /data5/data/NGS-ann-project/apps/cd-hit/psi-cd-hit/psi-cd-hit.pl line 103.
Name "main::bl_dir" used only once: possible typo at /data5/data/NGS-ann-project/apps/cd-hit/psi-cd-hit/psi-cd-hit.pl line 103.
Name "main::bl_dir" used only once: possible typo at /data5/data/NGS-ann-project/apps/cd-hit/psi-cd-hit/psi-cd-hit.pl line 103.
Name "main::bl_dir" used only once: possible typo at /data5/data/NGS-ann-project/apps/cd-hit/psi-cd-hit/psi-cd-hit.pl line 103.
Name "main::bl_dir" used only once: possible typo at /data5/data/NGS-ann-project/apps/cd-hit/psi-cd-hit/psi-cd-hit.pl line 103.
Name "main::bl_dir" used only once: possible typo at /data5/data/NGS-ann-project/apps/cd-hit/psi-cd-hit/psi-cd-hit.pl line 103.
Name "main::bl_dir" used only once: possible typo at /data5/data/NGS-ann-project/apps/cd-hit/psi-cd-hit/psi-cd-hit.pl line 103.
Name "main::bl_dir" used only once: possible typo at /data5/data/NGS-ann-project/apps/cd-hit/psi-cd-hit/psi-cd-hit.pl line 103.
Name "main::bl_dir" used only once: possible typo at /data5/data/NGS-ann-project/apps/cd-hit/psi-cd-hit/psi-cd-hit.pl line 103.
Name "main::bl_dir" used only once: possible typo at /data5/data/NGS-ann-project/apps/cd-hit/psi-cd-hit/psi-cd-hit.pl line 103.
Name "main::bl_dir" used only once: possible typo at /data5/data/NGS-ann-project/apps/cd-hit/psi-cd-hit/psi-cd-hit.pl line 103.
Name "main::bl_dir" used only once: possible typo at /data5/data/NGS-ann-project/apps/cd-hit/psi-cd-hit/psi-cd-hit.pl line 103.
Name "main::bl_dir" used only once: possible typo at /data5/data/NGS-ann-project/apps/cd-hit/psi-cd-hit/psi-cd-hit.pl line 103.
Name "main::bl_dir" used only once: possible typo at /data5/data/NGS-ann-project/apps/cd-hit/psi-cd-hit/psi-cd-hit.pl line 103.
Name "main::bl_dir" used only once: possible typo at /data5/data/NGS-ann-project/apps/cd-hit/psi-cd-hit/psi-cd-hit.pl line 103.
Name "main::bl_dir" used only once: possible typo at /data5/data/NGS-ann-project/apps/cd-hit/psi-cd-hit/psi-cd-hit.pl line 103.
Name "main::bl_dir" used only once: possible typo at /data5/data/NGS-ann-project/apps/cd-hit/psi-cd-hit/psi-cd-hit.pl line 103.
Name "main::bl_dir" used only once: possible typo at /data5/data/NGS-ann-project/apps/cd-hit/psi-cd-hit/psi-cd-hit.pl line 103.
Name "main::bl_dir" used only once: possible typo at /data5/data/NGS-ann-project/apps/cd-hit/psi-cd-hit/psi-cd-hit.pl line 103.
Name "main::bl_dir" used only once: possible typo at /data5/data/NGS-ann-project/apps/cd-hit/psi-cd-hit/psi-cd-hit.pl line 103.
Name "main::bl_dir" used only once: possible typo at /data5/data/NGS-ann-project/apps/cd-hit/psi-cd-hit/psi-cd-hit.pl line 103.
Name "main::bl_dir" used only once: possible typo at /data5/data/NGS-ann-project/apps/cd-hit/psi-cd-hit/psi-cd-hit.pl line 103.
Name "main::bl_dir" used only once: possible typo at /data5/data/NGS-ann-project/apps/cd-hit/psi-cd-hit/psi-cd-hit.pl line 103.
Name "main::bl_dir" used only once: possible typo at /data5/data/NGS-ann-project/apps/cd-hit/psi-cd-hit/psi-cd-hit.pl line 103.
Name "main::bl_dir" used only once: possible typo at /data5/data/NGS-ann-project/apps/cd-hit/psi-cd-hit/psi-cd-hit.pl line 103.
Name "main::bl_dir" used only once: possible typo at /data5/data/NGS-ann-project/apps/cd-hit/psi-cd-hit/psi-cd-hit.pl line 103.
Name "main::bl_dir" used only once: possible typo at /data5/data/NGS-ann-project/apps/cd-hit/psi-cd-hit/psi-cd-hit.pl line 103.
Name "main::bl_dir" used only once: possible typo at /data5/data/NGS-ann-project/apps/cd-hit/psi-cd-hit/psi-cd-hit.pl line 103.
Name "main::bl_dir" used only once: possible typo at /data5/data/NGS-ann-project/apps/cd-hit/psi-cd-hit/psi-cd-hit.pl line 103.
Name "main::bl_dir" used only once: possible typo at /data5/data/NGS-ann-project/apps/cd-hit/psi-cd-hit/psi-cd-hit.pl line 103.
Name "main::bl_dir" used only once: possible typo at /data5/data/NGS-ann-project/apps/cd-hit/psi-cd-hit/psi-cd-hit.pl line 103.
Name "main::bl_dir" used only once: possible typo at /data5/data/NGS-ann-project/apps/cd-hit/psi-cd-hit/psi-cd-hit.pl line 103.
Name "main::bl_dir" used only once: possible typo at /data5/data/NGS-ann-project/apps/cd-hit/psi-cd-hit/psi-cd-hit.pl line 103.
Name "main::bl_dir" used only once: possible typo at /data5/data/NGS-ann-project/apps/cd-hit/psi-cd-hit/psi-cd-hit.pl line 103.
Name "main::bl_dir" used only once: possible typo at /data5/data/NGS-ann-project/apps/cd-hit/psi-cd-hit/psi-cd-hit.pl line 103.
Name "main::bl_dir" used only once: possible typo at /data5/data/NGS-ann-project/apps/cd-hit/psi-cd-hit/psi-cd-hit.pl line 103.
Name "main::bl_dir" used only once: possible typo at /data5/data/NGS-ann-project/apps/cd-hit/psi-cd-hit/psi-cd-hit.pl line 103.
Name "main::bl_dir" used only once: possible typo at /data5/data/NGS-ann-project/apps/cd-hit/psi-cd-hit/psi-cd-hit.pl line 103.
Name "main::bl_dir" used only once: possible typo at /data5/data/NGS-ann-project/apps/cd-hit/psi-cd-hit/psi-cd-hit.pl line 103.
Name "main::bl_dir" used only once: possible typo at /data5/data/NGS-ann-project/apps/cd-hit/psi-cd-hit/psi-cd-hit.pl line 103.
Name "main::bl_dir" used only once: possible typo at /data5/data/NGS-ann-project/apps/cd-hit/psi-cd-hit/psi-cd-hit.pl line 103.
Name "main::bl_dir" used only once: possible typo at /data5/data/NGS-ann-project/apps/cd-hit/psi-cd-hit/psi-cd-hit.pl line 103.
FASTA-Reader: Ignoring invalid residues at position(s): On line 464: 59
FASTA-Reader: Ignoring invalid residues at position(s): On line 15553: 59
FASTA-Reader: Ignoring invalid residues at position(s): On line 31145: 25
FASTA-Reader: Ignoring invalid residues at position(s): On line 109750: 40
FASTA-Reader: Ignoring invalid residues at position(s): On line 120650: 10, 15, 22, 31, 47
FASTA-Reader: Ignoring invalid residues at position(s): On line 120651: 13, 15-16, 23, 28, 34, 50, 61
FASTA-Reader: Ignoring invalid residues at position(s): On line 120652: 15, 17, 55
Name "main::bl_dir" used only once: possible typo at /data5/data/NGS-ann-project/apps/cd-hit/psi-cd-hit/psi-cd-hit.pl line 103.
Name "main::bl_dir" used only once: possible typo at /data5/data/NGS-ann-project/apps/cd-hit/psi-cd-hit/psi-cd-hit.pl line 103.
Name "main::bl_dir" used only once: possible typo at /data5/data/NGS-ann-project/apps/cd-hit/psi-cd-hit/psi-cd-hit.pl line 103.
Name "main::bl_dir" used only once: possible typo at /data5/data/NGS-ann-project/apps/cd-hit/psi-cd-hit/psi-cd-hit.pl line 103.
Name "main::bl_dir" used only once: possible typo at /data5/data/NGS-ann-project/apps/cd-hit/psi-cd-hit/psi-cd-hit.pl line 103.
Name "main::bl_dir" used only once: possible typo at /data5/data/NGS-ann-project/apps/cd-hit/psi-cd-hit/psi-cd-hit.pl line 103.
Name "main::bl_dir" used only once: possible typo at /data5/data/NGS-ann-project/apps/cd-hit/psi-cd-hit/psi-cd-hit.pl line 103.
Name "main::bl_dir" used only once: possible typo at /data5/data/NGS-ann-project/apps/cd-hit/psi-cd-hit/psi-cd-hit.pl line 103.
Name "main::bl_dir" used only once: possible typo at /data5/data/NGS-ann-project/apps/cd-hit/psi-cd-hit/psi-cd-hit.pl line 103.
Name "main::bl_dir" used only once: possible typo at /data5/data/NGS-ann-project/apps/cd-hit/psi-cd-hit/psi-cd-hit.pl line 103.
Name "main::bl_dir" used only once: possible typo at /data5/data/NGS-ann-project/apps/cd-hit/psi-cd-hit/psi-cd-hit.pl line 103.
Name "main::bl_dir" used only once: possible typo at /data5/data/NGS-ann-project/apps/cd-hit/psi-cd-hit/psi-cd-hit.pl line 103.
Name "main::bl_dir" used only once: possible typo at /data5/data/NGS-ann-project/apps/cd-hit/psi-cd-hit/psi-cd-hit.pl line 103.
Name "main::bl_dir" used only once: possible typo at /data5/data/NGS-ann-project/apps/cd-hit/psi-cd-hit/psi-cd-hit.pl line 103.
Name "main::bl_dir" used only once: possible typo at /data5/data/NGS-ann-project/apps/cd-hit/psi-cd-hit/psi-cd-hit.pl line 103.
Name "main::bl_dir" used only once: possible typo at /data5/data/NGS-ann-project/apps/cd-hit/psi-cd-hit/psi-cd-hit.pl line 103.
Name "main::bl_dir" used only once: possible typo at /data5/data/NGS-ann-project/apps/cd-hit/psi-cd-hit/psi-cd-hit.pl line 103.
Name "main::bl_dir" used only once: possible typo at /data5/data/NGS-ann-project/apps/cd-hit/psi-cd-hit/psi-cd-hit.pl line 103.
Name "main::bl_dir" used only once: possible typo at /data5/data/NGS-ann-project/apps/cd-hit/psi-cd-hit/psi-cd-hit.pl line 103.
Name "main::bl_dir" used only once: possible typo at /data5/data/NGS-ann-project/apps/cd-hit/psi-cd-hit/psi-cd-hit.pl line 103.
Name "main::bl_dir" used only once: possible typo at /data5/data/NGS-ann-project/apps/cd-hit/psi-cd-hit/psi-cd-hit.pl line 103.
Name "main::bl_dir" used only once: possible typo at /data5/data/NGS-ann-project/apps/cd-hit/psi-cd-hit/psi-cd-hit.pl line 103.
Name "main::bl_dir" used only once: possible typo at /data5/data/NGS-ann-project/apps/cd-hit/psi-cd-hit/psi-cd-hit.pl line 103.
Name "main::bl_dir" used only once: possible typo at /data5/data/NGS-ann-project/apps/cd-hit/psi-cd-hit/psi-cd-hit.pl line 103.
Name "main::bl_dir" used only once: possible typo at /data5/data/NGS-ann-project/apps/cd-hit/psi-cd-hit/psi-cd-hit.pl line 103.
Name "main::bl_dir" used only once: possible typo at /data5/data/NGS-ann-project/apps/cd-hit/psi-cd-hit/psi-cd-hit.pl line 103.
Name "main::bl_dir" used only once: possible typo at /data5/data/NGS-ann-project/apps/cd-hit/psi-cd-hit/psi-cd-hit.pl line 103.
Name "main::bl_dir" used only once: possible typo at /data5/data/NGS-ann-project/apps/cd-hit/psi-cd-hit/psi-cd-hit.pl line 103.
Name "main::bl_dir" used only once: possible typo at /data5/data/NGS-ann-project/apps/cd-hit/psi-cd-hit/psi-cd-hit.pl line 103.
Name "main::bl_dir" used only once: possible typo at /data5/data/NGS-ann-project/apps/cd-hit/psi-cd-hit/psi-cd-hit.pl line 103.
Name "main::bl_dir" used only once: possible typo at /data5/data/NGS-ann-project/apps/cd-hit/psi-cd-hit/psi-cd-hit.pl line 103.
Name "main::bl_dir" used only once: possible typo at /data5/data/NGS-ann-project/apps/cd-hit/psi-cd-hit/psi-cd-hit.pl line 103.
Name "main::bl_dir" used only once: possible typo at /data5/data/NGS-ann-project/apps/cd-hit/psi-cd-hit/psi-cd-hit.pl line 103.
Name "main::bl_dir" used only once: possible typo at /data5/data/NGS-ann-project/apps/cd-hit/psi-cd-hit/psi-cd-hit.pl line 103.
Name "main::bl_dir" used only once: possible typo at /data5/data/NGS-ann-project/apps/cd-hit/psi-cd-hit/psi-cd-hit.pl line 103.
Name "main::bl_dir" used only once: possible typo at /data5/data/NGS-ann-project/apps/cd-hit/psi-cd-hit/psi-cd-hit.pl line 103.
Name "main::bl_dir" used only once: possible typo at /data5/data/NGS-ann-project/apps/cd-hit/psi-cd-hit/psi-cd-hit.pl line 103.
Name "main::bl_dir" used only once: possible typo at /data5/data/NGS-ann-project/apps/cd-hit/psi-cd-hit/psi-cd-hit.pl line 103.
Name "main::bl_dir" used only once: possible typo at /data5/data/NGS-ann-project/apps/cd-hit/psi-cd-hit/psi-cd-hit.pl line 103.
Name "main::bl_dir" used only once: possible typo at /data5/data/NGS-ann-project/apps/cd-hit/psi-cd-hit/psi-cd-hit.pl line 103.
Name "main::bl_dir" used only once: possible typo at /data5/data/NGS-ann-project/apps/cd-hit/psi-cd-hit/psi-cd-hit.pl line 103.
Name "main::bl_dir" used only once: possible typo at /data5/data/NGS-ann-project/apps/cd-hit/psi-cd-hit/psi-cd-hit.pl line 103.
Name "main::bl_dir" used only once: possible typo at /data5/data/NGS-ann-project/apps/cd-hit/psi-cd-hit/psi-cd-hit.pl line 103.
Name "main::bl_dir" used only once: possible typo at /data5/data/NGS-ann-project/apps/cd-hit/psi-cd-hit/psi-cd-hit.pl line 103.
Name "main::bl_dir" used only once: possible typo at /data5/data/NGS-ann-project/apps/cd-hit/psi-cd-hit/psi-cd-hit.pl line 103.
Name "main::bl_dir" used only once: possible typo at /data5/data/NGS-ann-project/apps/cd-hit/psi-cd-hit/psi-cd-hit.pl line 103.
Name "main::bl_dir" used only once: possible typo at /data5/data/NGS-ann-project/apps/cd-hit/psi-cd-hit/psi-cd-hit.pl line 103.
Name "main::bl_dir" used only once: possible typo at /data5/data/NGS-ann-project/apps/cd-hit/psi-cd-hit/psi-cd-hit.pl line 103.
FASTA-Reader: Ignoring invalid residues at position(s): On line 464: 59
FASTA-Reader: Ignoring invalid residues at position(s): On line 15553: 59
FASTA-Reader: Ignoring invalid residues at position(s): On line 31145: 25
FASTA-Reader: Ignoring invalid residues at position(s): On line 109750: 40
FASTA-Reader: Ignoring invalid residues at position(s): On line 120650: 10, 15, 22, 31, 47
FASTA-Reader: Ignoring invalid residues at position(s): On line 120651: 13, 15-16, 23, 28, 34, 50, 61
FASTA-Reader: Ignoring invalid residues at position(s): On line 120652: 15, 17, 55
Name "main::bl_dir" used only once: possible typo at /data5/data/NGS-ann-project/apps/cd-hit/psi-cd-hit/psi-cd-hit.pl line 103.
Name "main::bl_dir" used only once: possible typo at /data5/data/NGS-ann-project/apps/cd-hit/psi-cd-hit/psi-cd-hit.pl line 103.
Name "main::bl_dir" used only once: possible typo at /data5/data/NGS-ann-project/apps/cd-hit/psi-cd-hit/psi-cd-hit.pl line 103.
Name "main::bl_dir" used only once: possible typo at /data5/data/NGS-ann-project/apps/cd-hit/psi-cd-hit/psi-cd-hit.pl line 103.
Name "main::bl_dir" used only once: possible typo at /data5/data/NGS-ann-project/apps/cd-hit/psi-cd-hit/psi-cd-hit.pl line 103.
Name "main::bl_dir" used only once: possible typo at /data5/data/NGS-ann-project/apps/cd-hit/psi-cd-hit/psi-cd-hit.pl line 103.
Name "main::bl_dir" used only once: possible typo at /data5/data/NGS-ann-project/apps/cd-hit/psi-cd-hit/psi-cd-hit.pl line 103.
Name "main::bl_dir" used only once: possible typo at /data5/data/NGS-ann-project/apps/cd-hit/psi-cd-hit/psi-cd-hit.pl line 103.
Name "main::bl_dir" used only once: possible typo at /data5/data/NGS-ann-project/apps/cd-hit/psi-cd-hit/psi-cd-hit.pl line 103.
Name "main::bl_dir" used only once: possible typo at /data5/data/NGS-ann-project/apps/cd-hit/psi-cd-hit/psi-cd-hit.pl line 103.
Name "main::bl_dir" used only once: possible typo at /data5/data/NGS-ann-project/apps/cd-hit/psi-cd-hit/psi-cd-hit.pl line 103.
Name "main::bl_dir" used only once: possible typo at /data5/data/NGS-ann-project/apps/cd-hit/psi-cd-hit/psi-cd-hit.pl line 103.
Name "main::bl_dir" used only once: possible typo at /data5/data/NGS-ann-project/apps/cd-hit/psi-cd-hit/psi-cd-hit.pl line 103.
Name "main::bl_dir" used only once: possible typo at /data5/data/NGS-ann-project/apps/cd-hit/psi-cd-hit/psi-cd-hit.pl line 103.
Name "main::bl_dir" used only once: possible typo at /data5/data/NGS-ann-project/apps/cd-hit/psi-cd-hit/psi-cd-hit.pl line 103.
Name "main::bl_dir" used only once: possible typo at /data5/data/NGS-ann-project/apps/cd-hit/psi-cd-hit/psi-cd-hit.pl line 103.
Name "main::bl_dir" used only once: possible typo at /data5/data/NGS-ann-project/apps/cd-hit/psi-cd-hit/psi-cd-hit.pl line 103.
Name "main::bl_dir" used only once: possible typo at /data5/data/NGS-ann-project/apps/cd-hit/psi-cd-hit/psi-cd-hit.pl line 103.
Name "main::bl_dir" used only once: possible typo at /data5/data/NGS-ann-project/apps/cd-hit/psi-cd-hit/psi-cd-hit.pl line 103.
Name "main::bl_dir" used only once: possible typo at /data5/data/NGS-ann-project/apps/cd-hit/psi-cd-hit/psi-cd-hit.pl line 103.
Name "main::bl_dir" used only once: possible typo at /data5/data/NGS-ann-project/apps/cd-hit/psi-cd-hit/psi-cd-hit.pl line 103.
Name "main::bl_dir" used only once: possible typo at /data5/data/NGS-ann-project/apps/cd-hit/psi-cd-hit/psi-cd-hit.pl line 103.
Name "main::bl_dir" used only once: possible typo at /data5/data/NGS-ann-project/apps/cd-hit/psi-cd-hit/psi-cd-hit.pl line 103.
Name "main::bl_dir" used only once: possible typo at /data5/data/NGS-ann-project/apps/cd-hit/psi-cd-hit/psi-cd-hit.pl line 103.
Name "main::bl_dir" used only once: possible typo at /data5/data/NGS-ann-project/apps/cd-hit/psi-cd-hit/psi-cd-hit.pl line 103.
Name "main::bl_dir" used only once: possible typo at /data5/data/NGS-ann-project/apps/cd-hit/psi-cd-hit/psi-cd-hit.pl line 103.
Name "main::bl_dir" used only once: possible typo at /data5/data/NGS-ann-project/apps/cd-hit/psi-cd-hit/psi-cd-hit.pl line 103.
Name "main::bl_dir" used only once: possible typo at /data5/data/NGS-ann-project/apps/cd-hit/psi-cd-hit/psi-cd-hit.pl line 103.
Name "main::bl_dir" used only once: possible typo at /data5/data/NGS-ann-project/apps/cd-hit/psi-cd-hit/psi-cd-hit.pl line 103.
Name "main::bl_dir" used only once: possible typo at /data5/data/NGS-ann-project/apps/cd-hit/psi-cd-hit/psi-cd-hit.pl line 103.
Name "main::bl_dir" used only once: possible typo at /data5/data/NGS-ann-project/apps/cd-hit/psi-cd-hit/psi-cd-hit.pl line 103.
Name "main::bl_dir" used only once: possible typo at /data5/data/NGS-ann-project/apps/cd-hit/psi-cd-hit/psi-cd-hit.pl line 103.
Name "main::bl_dir" used only once: possible typo at /data5/data/NGS-ann-project/apps/cd-hit/psi-cd-hit/psi-cd-hit.pl line 103.
Name "main::bl_dir" used only once: possible typo at /data5/data/NGS-ann-project/apps/cd-hit/psi-cd-hit/psi-cd-hit.pl line 103.
Name "main::bl_dir" used only once: possible typo at /data5/data/NGS-ann-project/apps/cd-hit/psi-cd-hit/psi-cd-hit.pl line 103.
Name "main::bl_dir" used only once: possible typo at /data5/data/NGS-ann-project/apps/cd-hit/psi-cd-hit/psi-cd-hit.pl line 103.
Name "main::bl_dir" used only once: possible typo at /data5/data/NGS-ann-project/apps/cd-hit/psi-cd-hit/psi-cd-hit.pl line 103.
Name "main::bl_dir" used only once: possible typo at /data5/data/NGS-ann-project/apps/cd-hit/psi-cd-hit/psi-cd-hit.pl line 103.
Name "main::bl_dir" used only once: possible typo at /data5/data/NGS-ann-project/apps/cd-hit/psi-cd-hit/psi-cd-hit.pl line 103.
Name "main::bl_dir" used only once: possible typo at /data5/data/NGS-ann-project/apps/cd-hit/psi-cd-hit/psi-cd-hit.pl line 103.
Name "main::bl_dir" used only once: possible typo at /data5/data/NGS-ann-project/apps/cd-hit/psi-cd-hit/psi-cd-hit.pl line 103.
Name "main::bl_dir" used only once: possible typo at /data5/data/NGS-ann-project/apps/cd-hit/psi-cd-hit/psi-cd-hit.pl line 103.
Name "main::bl_dir" used only once: possible typo at /data5/data/NGS-ann-project/apps/cd-hit/psi-cd-hit/psi-cd-hit.pl line 103.
Name "main::bl_dir" used only once: possible typo at /data5/data/NGS-ann-project/apps/cd-hit/psi-cd-hit/psi-cd-hit.pl line 103.
Name "main::bl_dir" used only once: possible typo at /data5/data/NGS-ann-project/apps/cd-hit/psi-cd-hit/psi-cd-hit.pl line 103.
Name "main::bl_dir" used only once: possible typo at /data5/data/NGS-ann-project/apps/cd-hit/psi-cd-hit/psi-cd-hit.pl line 103.
Name "main::bl_dir" used only once: possible typo at /data5/data/NGS-ann-project/apps/cd-hit/psi-cd-hit/psi-cd-hit.pl line 103.
Name "main::bl_dir" used only once: possible typo at /data5/data/NGS-ann-project/apps/cd-hit/psi-cd-hit/psi-cd-hit.pl line 103.
Name "main::bl_dir" used only once: possible typo at /data5/data/NGS-ann-project/apps/cd-hit/psi-cd-hit/psi-cd-hit.pl line 103.
Name "main::bl_dir" used only once: possible typo at /data5/data/NGS-ann-project/apps/cd-hit/psi-cd-hit/psi-cd-hit.pl line 103.
Name "main::bl_dir" used only once: possible typo at /data5/data/NGS-ann-project/apps/cd-hit/psi-cd-hit/psi-cd-hit.pl line 103.
Name "main::bl_dir" used only once: possible typo at /data5/data/NGS-ann-project/apps/cd-hit/psi-cd-hit/psi-cd-hit.pl line 103.
Name "main::bl_dir" used only once: possible typo at /data5/data/NGS-ann-project/apps/cd-hit/psi-cd-hit/psi-cd-hit.pl line 103.
Name "main::bl_dir" used only once: possible typo at /data5/data/NGS-ann-project/apps/cd-hit/psi-cd-hit/psi-cd-hit.pl line 103.
Name "main::bl_dir" used only once: possible typo at /data5/data/NGS-ann-project/apps/cd-hit/psi-cd-hit/psi-cd-hit.pl line 103.
Name "main::bl_dir" used only once: possible typo at /data5/data/NGS-ann-project/apps/cd-hit/psi-cd-hit/psi-cd-hit.pl line 103.
FASTA-Reader: Ignoring invalid residues at position(s): On line 464: 59
FASTA-Reader: Ignoring invalid residues at position(s): On line 15553: 59
FASTA-Reader: Ignoring invalid residues at position(s): On line 31145: 25
FASTA-Reader: Ignoring invalid residues at position(s): On line 109750: 40
FASTA-Reader: Ignoring invalid residues at position(s): On line 120650: 10, 15, 22, 31, 47
FASTA-Reader: Ignoring invalid residues at position(s): On line 120651: 13, 15-16, 23, 28, 34, 50, 61
FASTA-Reader: Ignoring invalid residues at position(s): On line 120652: 15, 17, 55
Name "main::bl_dir" used only once: possible typo at /data5/data/NGS-ann-project/apps/cd-hit/psi-cd-hit/psi-cd-hit.pl line 103.
Name "main::bl_dir" used only once: possible typo at /data5/data/NGS-ann-project/apps/cd-hit/psi-cd-hit/psi-cd-hit.pl line 103.
Name "main::bl_dir" used only once: possible typo at /data5/data/NGS-ann-project/apps/cd-hit/psi-cd-hit/psi-cd-hit.pl line 103.
Name "main::bl_dir" used only once: possible typo at /data5/data/NGS-ann-project/apps/cd-hit/psi-cd-hit/psi-cd-hit.pl line 103.
Name "main::bl_dir" used only once: possible typo at /data5/data/NGS-ann-project/apps/cd-hit/psi-cd-hit/psi-cd-hit.pl line 103.
Name "main::bl_dir" used only once: possible typo at /data5/data/NGS-ann-project/apps/cd-hit/psi-cd-hit/psi-cd-hit.pl line 103.
Name "main::bl_dir" used only once: possible typo at /data5/data/NGS-ann-project/apps/cd-hit/psi-cd-hit/psi-cd-hit.pl line 103.
Name "main::bl_dir" used only once: possible typo at /data5/data/NGS-ann-project/apps/cd-hit/psi-cd-hit/psi-cd-hit.pl line 103.
Name "main::bl_dir" used only once: possible typo at /data5/data/NGS-ann-project/apps/cd-hit/psi-cd-hit/psi-cd-hit.pl line 103.
Name "main::bl_dir" used only once: possible typo at /data5/data/NGS-ann-project/apps/cd-hit/psi-cd-hit/psi-cd-hit.pl line 103.
Name "main::bl_dir" used only once: possible typo at /data5/data/NGS-ann-project/apps/cd-hit/psi-cd-hit/psi-cd-hit.pl line 103.
Name "main::bl_dir" used only once: possible typo at /data5/data/NGS-ann-project/apps/cd-hit/psi-cd-hit/psi-cd-hit.pl line 103.
Name "main::bl_dir" used only once: possible typo at /data5/data/NGS-ann-project/apps/cd-hit/psi-cd-hit/psi-cd-hit.pl line 103.
Name "main::bl_dir" used only once: possible typo at /data5/data/NGS-ann-project/apps/cd-hit/psi-cd-hit/psi-cd-hit.pl line 103.
Name "main::bl_dir" used only once: possible typo at /data5/data/NGS-ann-project/apps/cd-hit/psi-cd-hit/psi-cd-hit.pl line 103.
Name "main::bl_dir" used only once: possible typo at /data5/data/NGS-ann-project/apps/cd-hit/psi-cd-hit/psi-cd-hit.pl line 103.
Name "main::bl_dir" used only once: possible typo at /data5/data/NGS-ann-project/apps/cd-hit/psi-cd-hit/psi-cd-hit.pl line 103.
Name "main::bl_dir" used only once: possible typo at /data5/data/NGS-ann-project/apps/cd-hit/psi-cd-hit/psi-cd-hit.pl line 103.
Name "main::bl_dir" used only once: possible typo at /data5/data/NGS-ann-project/apps/cd-hit/psi-cd-hit/psi-cd-hit.pl line 103.
Name "main::bl_dir" used only once: possible typo at /data5/data/NGS-ann-project/apps/cd-hit/psi-cd-hit/psi-cd-hit.pl line 103.
Name "main::bl_dir" used only once: possible typo at /data5/data/NGS-ann-project/apps/cd-hit/psi-cd-hit/psi-cd-hit.pl line 103.
Name "main::bl_dir" used only once: possible typo at /data5/data/NGS-ann-project/apps/cd-hit/psi-cd-hit/psi-cd-hit.pl line 103.
Name "main::bl_dir" used only once: possible typo at /data5/data/NGS-ann-project/apps/cd-hit/psi-cd-hit/psi-cd-hit.pl line 103.
Name "main::bl_dir" used only once: possible typo at /data5/data/NGS-ann-project/apps/cd-hit/psi-cd-hit/psi-cd-hit.pl line 103.
Name "main::bl_dir" used only once: possible typo at /data5/data/NGS-ann-project/apps/cd-hit/psi-cd-hit/psi-cd-hit.pl line 103.
Name "main::bl_dir" used only once: possible typo at /data5/data/NGS-ann-project/apps/cd-hit/psi-cd-hit/psi-cd-hit.pl line 103.
Name "main::bl_dir" used only once: possible typo at /data5/data/NGS-ann-project/apps/cd-hit/psi-cd-hit/psi-cd-hit.pl line 103.
Name "main::bl_dir" used only once: possible typo at /data5/data/NGS-ann-project/apps/cd-hit/psi-cd-hit/psi-cd-hit.pl line 103.
Name "main::bl_dir" used only once: possible typo at /data5/data/NGS-ann-project/apps/cd-hit/psi-cd-hit/psi-cd-hit.pl line 103.
Name "main::bl_dir" used only once: possible typo at /data5/data/NGS-ann-project/apps/cd-hit/psi-cd-hit/psi-cd-hit.pl line 103.
Name "main::bl_dir" used only once: possible typo at /data5/data/NGS-ann-project/apps/cd-hit/psi-cd-hit/psi-cd-hit.pl line 103.
Name "main::bl_dir" used only once: possible typo at /data5/data/NGS-ann-project/apps/cd-hit/psi-cd-hit/psi-cd-hit.pl line 103.
Name "main::bl_dir" used only once: possible typo at /data5/data/NGS-ann-project/apps/cd-hit/psi-cd-hit/psi-cd-hit.pl line 103.
Name "main::bl_dir" used only once: possible typo at /data5/data/NGS-ann-project/apps/cd-hit/psi-cd-hit/psi-cd-hit.pl line 103.
Name "main::bl_dir" used only once: possible typo at /data5/data/NGS-ann-project/apps/cd-hit/psi-cd-hit/psi-cd-hit.pl line 103.
Name "main::bl_dir" used only once: possible typo at /data5/data/NGS-ann-project/apps/cd-hit/psi-cd-hit/psi-cd-hit.pl line 103.
Name "main::bl_dir" used only once: possible typo at /data5/data/NGS-ann-project/apps/cd-hit/psi-cd-hit/psi-cd-hit.pl line 103.
Name "main::bl_dir" used only once: possible typo at /data5/data/NGS-ann-project/apps/cd-hit/psi-cd-hit/psi-cd-hit.pl line 103.
Name "main::bl_dir" used only once: possible typo at /data5/data/NGS-ann-project/apps/cd-hit/psi-cd-hit/psi-cd-hit.pl line 103.
Name "main::bl_dir" used only once: possible typo at /data5/data/NGS-ann-project/apps/cd-hit/psi-cd-hit/psi-cd-hit.pl line 103.
Name "main::bl_dir" used only once: possible typo at /data5/data/NGS-ann-project/apps/cd-hit/psi-cd-hit/psi-cd-hit.pl line 103.
Name "main::bl_dir" used only once: possible typo at /data5/data/NGS-ann-project/apps/cd-hit/psi-cd-hit/psi-cd-hit.pl line 103.
Name "main::bl_dir" used only once: possible typo at /data5/data/NGS-ann-project/apps/cd-hit/psi-cd-hit/psi-cd-hit.pl line 103.
Name "main::bl_dir" used only once: possible typo at /data5/data/NGS-ann-project/apps/cd-hit/psi-cd-hit/psi-cd-hit.pl line 103.
Name "main::bl_dir" used only once: possible typo at /data5/data/NGS-ann-project/apps/cd-hit/psi-cd-hit/psi-cd-hit.pl line 103.
Name "main::bl_dir" used only once: possible typo at /data5/data/NGS-ann-project/apps/cd-hit/psi-cd-hit/psi-cd-hit.pl line 103.
Name "main::bl_dir" used only once: possible typo at /data5/data/NGS-ann-project/apps/cd-hit/psi-cd-hit/psi-cd-hit.pl line 103.
Name "main::bl_dir" used only once: possible typo at /data5/data/NGS-ann-project/apps/cd-hit/psi-cd-hit/psi-cd-hit.pl line 103.
FASTA-Reader: Ignoring invalid residues at position(s): On line 464: 59
FASTA-Reader: Ignoring invalid residues at position(s): On line 15553: 59
FASTA-Reader: Ignoring invalid residues at position(s): On line 31145: 25
FASTA-Reader: Ignoring invalid residues at position(s): On line 109750: 40
FASTA-Reader: Ignoring invalid residues at position(s): On line 120650: 10, 15, 22, 31, 47
FASTA-Reader: Ignoring invalid residues at position(s): On line 120651: 13, 15-16, 23, 28, 34, 50, 61
FASTA-Reader: Ignoring invalid residues at position(s): On line 120652: 15, 17, 55
Name "main::bl_dir" used only once: possible typo at /data5/data/NGS-ann-project/apps/cd-hit/psi-cd-hit/psi-cd-hit.pl line 103.
Name "main::bl_dir" used only once: possible typo at /data5/data/NGS-ann-project/apps/cd-hit/psi-cd-hit/psi-cd-hit.pl line 103.
Name "main::bl_dir" used only once: possible typo at /data5/data/NGS-ann-project/apps/cd-hit/psi-cd-hit/psi-cd-hit.pl line 103.
Name "main::bl_dir" used only once: possible typo at /data5/data/NGS-ann-project/apps/cd-hit/psi-cd-hit/psi-cd-hit.pl line 103.
Name "main::bl_dir" used only once: possible typo at /data5/data/NGS-ann-project/apps/cd-hit/psi-cd-hit/psi-cd-hit.pl line 103.
Name "main::bl_dir" used only once: possible typo at /data5/data/NGS-ann-project/apps/cd-hit/psi-cd-hit/psi-cd-hit.pl line 103.
Name "main::bl_dir" used only once: possible typo at /data5/data/NGS-ann-project/apps/cd-hit/psi-cd-hit/psi-cd-hit.pl line 103.
Name "main::bl_dir" used only once: possible typo at /data5/data/NGS-ann-project/apps/cd-hit/psi-cd-hit/psi-cd-hit.pl line 103.
Name "main::bl_dir" used only once: possible typo at /data5/data/NGS-ann-project/apps/cd-hit/psi-cd-hit/psi-cd-hit.pl line 103.
Name "main::bl_dir" used only once: possible typo at /data5/data/NGS-ann-project/apps/cd-hit/psi-cd-hit/psi-cd-hit.pl line 103.
Name "main::bl_dir" used only once: possible typo at /data5/data/NGS-ann-project/apps/cd-hit/psi-cd-hit/psi-cd-hit.pl line 103.
Name "main::bl_dir" used only once: possible typo at /data5/data/NGS-ann-project/apps/cd-hit/psi-cd-hit/psi-cd-hit.pl line 103.
Name "main::bl_dir" used only once: possible typo at /data5/data/NGS-ann-project/apps/cd-hit/psi-cd-hit/psi-cd-hit.pl line 103.
Name "main::bl_dir" used only once: possible typo at /data5/data/NGS-ann-project/apps/cd-hit/psi-cd-hit/psi-cd-hit.pl line 103.
Name "main::bl_dir" used only once: possible typo at /data5/data/NGS-ann-project/apps/cd-hit/psi-cd-hit/psi-cd-hit.pl line 103.
Name "main::bl_dir" used only once: possible typo at /data5/data/NGS-ann-project/apps/cd-hit/psi-cd-hit/psi-cd-hit.pl line 103.
Name "main::bl_dir" used only once: possible typo at /data5/data/NGS-ann-project/apps/cd-hit/psi-cd-hit/psi-cd-hit.pl line 103.
Name "main::bl_dir" used only once: possible typo at /data5/data/NGS-ann-project/apps/cd-hit/psi-cd-hit/psi-cd-hit.pl line 103.
Name "main::bl_dir" used only once: possible typo at /data5/data/NGS-ann-project/apps/cd-hit/psi-cd-hit/psi-cd-hit.pl line 103.
Name "main::bl_dir" used only once: possible typo at /data5/data/NGS-ann-project/apps/cd-hit/psi-cd-hit/psi-cd-hit.pl line 103.
Name "main::bl_dir" used only once: possible typo at /data5/data/NGS-ann-project/apps/cd-hit/psi-cd-hit/psi-cd-hit.pl line 103.
Name "main::bl_dir" used only once: possible typo at /data5/data/NGS-ann-project/apps/cd-hit/psi-cd-hit/psi-cd-hit.pl line 103.
Name "main::bl_dir" used only once: possible typo at /data5/data/NGS-ann-project/apps/cd-hit/psi-cd-hit/psi-cd-hit.pl line 103.
Name "main::bl_dir" used only once: possible typo at /data5/data/NGS-ann-project/apps/cd-hit/psi-cd-hit/psi-cd-hit.pl line 103.
Name "main::bl_dir" used only once: possible typo at /data5/data/NGS-ann-project/apps/cd-hit/psi-cd-hit/psi-cd-hit.pl line 103.
Name "main::bl_dir" used only once: possible typo at /data5/data/NGS-ann-project/apps/cd-hit/psi-cd-hit/psi-cd-hit.pl line 103.
Name "main::bl_dir" used only once: possible typo at /data5/data/NGS-ann-project/apps/cd-hit/psi-cd-hit/psi-cd-hit.pl line 103.
Name "main::bl_dir" used only once: possible typo at /data5/data/NGS-ann-project/apps/cd-hit/psi-cd-hit/psi-cd-hit.pl line 103.
Name "main::bl_dir" used only once: possible typo at /data5/data/NGS-ann-project/apps/cd-hit/psi-cd-hit/psi-cd-hit.pl line 103.
Name "main::bl_dir" used only once: possible typo at /data5/data/NGS-ann-project/apps/cd-hit/psi-cd-hit/psi-cd-hit.pl line 103.
Name "main::bl_dir" used only once: possible typo at /data5/data/NGS-ann-project/apps/cd-hit/psi-cd-hit/psi-cd-hit.pl line 103.
Name "main::bl_dir" used only once: possible typo at /data5/data/NGS-ann-project/apps/cd-hit/psi-cd-hit/psi-cd-hit.pl line 103.
FASTA-Reader: Ignoring invalid residues at position(s): On line 78: 10, 15, 22, 31, 47, 83, 85-86, 93, 98, 104, 120, 131, 155, 157, 195
Name "main::bl_dir" used only once: possible typo at /data5/data/NGS-ann-project/apps/cd-hit/psi-cd-hit/psi-cd-hit.pl line 103.
Name "main::bl_dir" used only once: possible typo at /data5/data/NGS-ann-project/apps/cd-hit/psi-cd-hit/psi-cd-hit.pl line 103.
Name "main::bl_dir" used only once: possible typo at /data5/data/NGS-ann-project/apps/cd-hit/psi-cd-hit/psi-cd-hit.pl line 103.
Name "main::bl_dir" used only once: possible typo at /data5/data/NGS-ann-project/apps/cd-hit/psi-cd-hit/psi-cd-hit.pl line 103.
Name "main::bl_dir" used only once: possible typo at /data5/data/NGS-ann-project/apps/cd-hit/psi-cd-hit/psi-cd-hit.pl line 103.
Name "main::bl_dir" used only once: possible typo at /data5/data/NGS-ann-project/apps/cd-hit/psi-cd-hit/psi-cd-hit.pl line 103.
Name "main::bl_dir" used only once: possible typo at /data5/data/NGS-ann-project/apps/cd-hit/psi-cd-hit/psi-cd-hit.pl line 103.
Name "main::bl_dir" used only once: possible typo at /data5/data/NGS-ann-project/apps/cd-hit/psi-cd-hit/psi-cd-hit.pl line 103.
Name "main::bl_dir" used only once: possible typo at /data5/data/NGS-ann-project/apps/cd-hit/psi-cd-hit/psi-cd-hit.pl line 103.
Name "main::bl_dir" used only once: possible typo at /data5/data/NGS-ann-project/apps/cd-hit/psi-cd-hit/psi-cd-hit.pl line 103.
Name "main::bl_dir" used only once: possible typo at /data5/data/NGS-ann-project/apps/cd-hit/psi-cd-hit/psi-cd-hit.pl line 103.
Name "main::bl_dir" used only once: possible typo at /data5/data/NGS-ann-project/apps/cd-hit/psi-cd-hit/psi-cd-hit.pl line 103.
Name "main::bl_dir" used only once: possible typo at /data5/data/NGS-ann-project/apps/cd-hit/psi-cd-hit/psi-cd-hit.pl line 103.
Name "main::bl_dir" used only once: possible typo at /data5/data/NGS-ann-project/apps/cd-hit/psi-cd-hit/psi-cd-hit.pl line 103.
Name "main::bl_dir" used only once: possible typo at /data5/data/NGS-ann-project/apps/cd-hit/psi-cd-hit/psi-cd-hit.pl line 103.
Name "main::bl_dir" used only once: possible typo at /data5/data/NGS-ann-project/apps/cd-hit/psi-cd-hit/psi-cd-hit.pl line 103.
Name "main::bl_dir" used only once: possible typo at /data5/data/NGS-ann-project/apps/cd-hit/psi-cd-hit/psi-cd-hit.pl line 103.
Name "main::bl_dir" used only once: possible typo at /data5/data/NGS-ann-project/apps/cd-hit/psi-cd-hit/psi-cd-hit.pl line 103.
Name "main::bl_dir" used only once: possible typo at /data5/data/NGS-ann-project/apps/cd-hit/psi-cd-hit/psi-cd-hit.pl line 103.
Name "main::bl_dir" used only once: possible typo at /data5/data/NGS-ann-project/apps/cd-hit/psi-cd-hit/psi-cd-hit.pl line 103.
Name "main::bl_dir" used only once: possible typo at /data5/data/NGS-ann-project/apps/cd-hit/psi-cd-hit/psi-cd-hit.pl line 103.
Name "main::bl_dir" used only once: possible typo at /data5/data/NGS-ann-project/apps/cd-hit/psi-cd-hit/psi-cd-hit.pl line 103.
Name "main::bl_dir" used only once: possible typo at /data5/data/NGS-ann-project/apps/cd-hit/psi-cd-hit/psi-cd-hit.pl line 103.
Name "main::bl_dir" used only once: possible typo at /data5/data/NGS-ann-project/apps/cd-hit/psi-cd-hit/psi-cd-hit.pl line 103.
FASTA-Reader: Ignoring invalid residues at position(s): On line 464: 59
FASTA-Reader: Ignoring invalid residues at position(s): On line 15553: 59
FASTA-Reader: Ignoring invalid residues at position(s): On line 31145: 25
FASTA-Reader: Ignoring invalid residues at position(s): On line 109750: 40
FASTA-Reader: Ignoring invalid residues at position(s): On line 38: 40
Name "main::bl_dir" used only once: possible typo at /data5/data/NGS-ann-project/apps/cd-hit/psi-cd-hit/psi-cd-hit.pl line 103.
Name "main::bl_dir" used only once: possible typo at /data5/data/NGS-ann-project/apps/cd-hit/psi-cd-hit/psi-cd-hit.pl line 103.
Name "main::bl_dir" used only once: possible typo at /data5/data/NGS-ann-project/apps/cd-hit/psi-cd-hit/psi-cd-hit.pl line 103.
Name "main::bl_dir" used only once: possible typo at /data5/data/NGS-ann-project/apps/cd-hit/psi-cd-hit/psi-cd-hit.pl line 103.
Name "main::bl_dir" used only once: possible typo at /data5/data/NGS-ann-project/apps/cd-hit/psi-cd-hit/psi-cd-hit.pl line 103.
Name "main::bl_dir" used only once: possible typo at /data5/data/NGS-ann-project/apps/cd-hit/psi-cd-hit/psi-cd-hit.pl line 103.
Name "main::bl_dir" used only once: possible typo at /data5/data/NGS-ann-project/apps/cd-hit/psi-cd-hit/psi-cd-hit.pl line 103.
Name "main::bl_dir" used only once: possible typo at /data5/data/NGS-ann-project/apps/cd-hit/psi-cd-hit/psi-cd-hit.pl line 103.
Name "main::bl_dir" used only once: possible typo at /data5/data/NGS-ann-project/apps/cd-hit/psi-cd-hit/psi-cd-hit.pl line 103.
Name "main::bl_dir" used only once: possible typo at /data5/data/NGS-ann-project/apps/cd-hit/psi-cd-hit/psi-cd-hit.pl line 103.
Name "main::bl_dir" used only once: possible typo at /data5/data/NGS-ann-project/apps/cd-hit/psi-cd-hit/psi-cd-hit.pl line 103.
Name "main::bl_dir" used only once: possible typo at /data5/data/NGS-ann-project/apps/cd-hit/psi-cd-hit/psi-cd-hit.pl line 103.
Name "main::bl_dir" used only once: possible typo at /data5/data/NGS-ann-project/apps/cd-hit/psi-cd-hit/psi-cd-hit.pl line 103.
Name "main::bl_dir" used only once: possible typo at /data5/data/NGS-ann-project/apps/cd-hit/psi-cd-hit/psi-cd-hit.pl line 103.
Name "main::bl_dir" used only once: possible typo at /data5/data/NGS-ann-project/apps/cd-hit/psi-cd-hit/psi-cd-hit.pl line 103.
Name "main::bl_dir" used only once: possible typo at /data5/data/NGS-ann-project/apps/cd-hit/psi-cd-hit/psi-cd-hit.pl line 103.
Name "main::bl_dir" used only once: possible typo at /data5/data/NGS-ann-project/apps/cd-hit/psi-cd-hit/psi-cd-hit.pl line 103.
Name "main::bl_dir" used only once: possible typo at /data5/data/NGS-ann-project/apps/cd-hit/psi-cd-hit/psi-cd-hit.pl line 103.
Name "main::bl_dir" used only once: possible typo at /data5/data/NGS-ann-project/apps/cd-hit/psi-cd-hit/psi-cd-hit.pl line 103.
Name "main::bl_dir" used only once: possible typo at /data5/data/NGS-ann-project/apps/cd-hit/psi-cd-hit/psi-cd-hit.pl line 103.
Name "main::bl_dir" used only once: possible typo at /data5/data/NGS-ann-project/apps/cd-hit/psi-cd-hit/psi-cd-hit.pl line 103.
Name "main::bl_dir" used only once: possible typo at /data5/data/NGS-ann-project/apps/cd-hit/psi-cd-hit/psi-cd-hit.pl line 103.
Name "main::bl_dir" used only once: possible typo at /data5/data/NGS-ann-project/apps/cd-hit/psi-cd-hit/psi-cd-hit.pl line 103.
Name "main::bl_dir" used only once: possible typo at /data5/data/NGS-ann-project/apps/cd-hit/psi-cd-hit/psi-cd-hit.pl line 103.
Name "main::bl_dir" used only once: possible typo at /data5/data/NGS-ann-project/apps/cd-hit/psi-cd-hit/psi-cd-hit.pl line 103.
Name "main::bl_dir" used only once: possible typo at /data5/data/NGS-ann-project/apps/cd-hit/psi-cd-hit/psi-cd-hit.pl line 103.
Name "main::bl_dir" used only once: possible typo at /data5/data/NGS-ann-project/apps/cd-hit/psi-cd-hit/psi-cd-hit.pl line 103.
Name "main::bl_dir" used only once: possible typo at /data5/data/NGS-ann-project/apps/cd-hit/psi-cd-hit/psi-cd-hit.pl line 103.
Name "main::bl_dir" used only once: possible typo at /data5/data/NGS-ann-project/apps/cd-hit/psi-cd-hit/psi-cd-hit.pl line 103.
Name "main::bl_dir" used only once: possible typo at /data5/data/NGS-ann-project/apps/cd-hit/psi-cd-hit/psi-cd-hit.pl line 103.
Name "main::bl_dir" used only once: possible typo at /data5/data/NGS-ann-project/apps/cd-hit/psi-cd-hit/psi-cd-hit.pl line 103.
Name "main::bl_dir" used only once: possible typo at /data5/data/NGS-ann-project/apps/cd-hit/psi-cd-hit/psi-cd-hit.pl line 103.
Name "main::bl_dir" used only once: possible typo at /data5/data/NGS-ann-project/apps/cd-hit/psi-cd-hit/psi-cd-hit.pl line 103.
Name "main::bl_dir" used only once: possible typo at /data5/data/NGS-ann-project/apps/cd-hit/psi-cd-hit/psi-cd-hit.pl line 103.
Name "main::bl_dir" used only once: possible typo at /data5/data/NGS-ann-project/apps/cd-hit/psi-cd-hit/psi-cd-hit.pl line 103.
Name "main::bl_dir" used only once: possible typo at /data5/data/NGS-ann-project/apps/cd-hit/psi-cd-hit/psi-cd-hit.pl line 103.
Name "main::bl_dir" used only once: possible typo at /data5/data/NGS-ann-project/apps/cd-hit/psi-cd-hit/psi-cd-hit.pl line 103.
Name "main::bl_dir" used only once: possible typo at /data5/data/NGS-ann-project/apps/cd-hit/psi-cd-hit/psi-cd-hit.pl line 103.
Name "main::bl_dir" used only once: possible typo at /data5/data/NGS-ann-project/apps/cd-hit/psi-cd-hit/psi-cd-hit.pl line 103.
Name "main::bl_dir" used only once: possible typo at /data5/data/NGS-ann-project/apps/cd-hit/psi-cd-hit/psi-cd-hit.pl line 103.
Name "main::bl_dir" used only once: possible typo at /data5/data/NGS-ann-project/apps/cd-hit/psi-cd-hit/psi-cd-hit.pl line 103.
Name "main::bl_dir" used only once: possible typo at /data5/data/NGS-ann-project/apps/cd-hit/psi-cd-hit/psi-cd-hit.pl line 103.
Name "main::bl_dir" used only once: possible typo at /data5/data/NGS-ann-project/apps/cd-hit/psi-cd-hit/psi-cd-hit.pl line 103.
Name "main::bl_dir" used only once: possible typo at /data5/data/NGS-ann-project/apps/cd-hit/psi-cd-hit/psi-cd-hit.pl line 103.
Name "main::bl_dir" used only once: possible typo at /data5/data/NGS-ann-project/apps/cd-hit/psi-cd-hit/psi-cd-hit.pl line 103.
Name "main::bl_dir" used only once: possible typo at /data5/data/NGS-ann-project/apps/cd-hit/psi-cd-hit/psi-cd-hit.pl line 103.
Name "main::bl_dir" used only once: possible typo at /data5/data/NGS-ann-project/apps/cd-hit/psi-cd-hit/psi-cd-hit.pl line 103.
Name "main::bl_dir" used only once: possible typo at /data5/data/NGS-ann-project/apps/cd-hit/psi-cd-hit/psi-cd-hit.pl line 103.
FASTA-Reader: Ignoring invalid residues at position(s): On line 464: 59
FASTA-Reader: Ignoring invalid residues at position(s): On line 15553: 59
FASTA-Reader: Ignoring invalid residues at position(s): On line 31145: 25
Name "main::bl_dir" used only once: possible typo at /data5/data/NGS-ann-project/apps/cd-hit/psi-cd-hit/psi-cd-hit.pl line 103.
Name "main::bl_dir" used only once: possible typo at /data5/data/NGS-ann-project/apps/cd-hit/psi-cd-hit/psi-cd-hit.pl line 103.
Name "main::bl_dir" used only once: possible typo at /data5/data/NGS-ann-project/apps/cd-hit/psi-cd-hit/psi-cd-hit.pl line 103.
Name "main::bl_dir" used only once: possible typo at /data5/data/NGS-ann-project/apps/cd-hit/psi-cd-hit/psi-cd-hit.pl line 103.
Name "main::bl_dir" used only once: possible typo at /data5/data/NGS-ann-project/apps/cd-hit/psi-cd-hit/psi-cd-hit.pl line 103.
Name "main::bl_dir" used only once: possible typo at /data5/data/NGS-ann-project/apps/cd-hit/psi-cd-hit/psi-cd-hit.pl line 103.
Name "main::bl_dir" used only once: possible typo at /data5/data/NGS-ann-project/apps/cd-hit/psi-cd-hit/psi-cd-hit.pl line 103.
Name "main::bl_dir" used only once: possible typo at /data5/data/NGS-ann-project/apps/cd-hit/psi-cd-hit/psi-cd-hit.pl line 103.
Name "main::bl_dir" used only once: possible typo at /data5/data/NGS-ann-project/apps/cd-hit/psi-cd-hit/psi-cd-hit.pl line 103.
Name "main::bl_dir" used only once: possible typo at /data5/data/NGS-ann-project/apps/cd-hit/psi-cd-hit/psi-cd-hit.pl line 103.
Name "main::bl_dir" used only once: possible typo at /data5/data/NGS-ann-project/apps/cd-hit/psi-cd-hit/psi-cd-hit.pl line 103.
Name "main::bl_dir" used only once: possible typo at /data5/data/NGS-ann-project/apps/cd-hit/psi-cd-hit/psi-cd-hit.pl line 103.
Name "main::bl_dir" used only once: possible typo at /data5/data/NGS-ann-project/apps/cd-hit/psi-cd-hit/psi-cd-hit.pl line 103.
Name "main::bl_dir" used only once: possible typo at /data5/data/NGS-ann-project/apps/cd-hit/psi-cd-hit/psi-cd-hit.pl line 103.
Name "main::bl_dir" used only once: possible typo at /data5/data/NGS-ann-project/apps/cd-hit/psi-cd-hit/psi-cd-hit.pl line 103.
Name "main::bl_dir" used only once: possible typo at /data5/data/NGS-ann-project/apps/cd-hit/psi-cd-hit/psi-cd-hit.pl line 103.
Name "main::bl_dir" used only once: possible typo at /data5/data/NGS-ann-project/apps/cd-hit/psi-cd-hit/psi-cd-hit.pl line 103.
Name "main::bl_dir" used only once: possible typo at /data5/data/NGS-ann-project/apps/cd-hit/psi-cd-hit/psi-cd-hit.pl line 103.
Name "main::bl_dir" used only once: possible typo at /data5/data/NGS-ann-project/apps/cd-hit/psi-cd-hit/psi-cd-hit.pl line 103.
Name "main::bl_dir" used only once: possible typo at /data5/data/NGS-ann-project/apps/cd-hit/psi-cd-hit/psi-cd-hit.pl line 103.
Name "main::bl_dir" used only once: possible typo at /data5/data/NGS-ann-project/apps/cd-hit/psi-cd-hit/psi-cd-hit.pl line 103.
Name "main::bl_dir" used only once: possible typo at /data5/data/NGS-ann-project/apps/cd-hit/psi-cd-hit/psi-cd-hit.pl line 103.
Name "main::bl_dir" used only once: possible typo at /data5/data/NGS-ann-project/apps/cd-hit/psi-cd-hit/psi-cd-hit.pl line 103.
Name "main::bl_dir" used only once: possible typo at /data5/data/NGS-ann-project/apps/cd-hit/psi-cd-hit/psi-cd-hit.pl line 103.
Name "main::bl_dir" used only once: possible typo at /data5/data/NGS-ann-project/apps/cd-hit/psi-cd-hit/psi-cd-hit.pl line 103.
Name "main::bl_dir" used only once: possible typo at /data5/data/NGS-ann-project/apps/cd-hit/psi-cd-hit/psi-cd-hit.pl line 103.
Name "main::bl_dir" used only once: possible typo at /data5/data/NGS-ann-project/apps/cd-hit/psi-cd-hit/psi-cd-hit.pl line 103.
Name "main::bl_dir" used only once: possible typo at /data5/data/NGS-ann-project/apps/cd-hit/psi-cd-hit/psi-cd-hit.pl line 103.
Name "main::bl_dir" used only once: possible typo at /data5/data/NGS-ann-project/apps/cd-hit/psi-cd-hit/psi-cd-hit.pl line 103.
Name "main::bl_dir" used only once: possible typo at /data5/data/NGS-ann-project/apps/cd-hit/psi-cd-hit/psi-cd-hit.pl line 103.
Name "main::bl_dir" used only once: possible typo at /data5/data/NGS-ann-project/apps/cd-hit/psi-cd-hit/psi-cd-hit.pl line 103.
Name "main::bl_dir" used only once: possible typo at /data5/data/NGS-ann-project/apps/cd-hit/psi-cd-hit/psi-cd-hit.pl line 103.
Name "main::bl_dir" used only once: possible typo at /data5/data/NGS-ann-project/apps/cd-hit/psi-cd-hit/psi-cd-hit.pl line 103.
Name "main::bl_dir" used only once: possible typo at /data5/data/NGS-ann-project/apps/cd-hit/psi-cd-hit/psi-cd-hit.pl line 103.
Name "main::bl_dir" used only once: possible typo at /data5/data/NGS-ann-project/apps/cd-hit/psi-cd-hit/psi-cd-hit.pl line 103.
Name "main::bl_dir" used only once: possible typo at /data5/data/NGS-ann-project/apps/cd-hit/psi-cd-hit/psi-cd-hit.pl line 103.
Name "main::bl_dir" used only once: possible typo at /data5/data/NGS-ann-project/apps/cd-hit/psi-cd-hit/psi-cd-hit.pl line 103.
Name "main::bl_dir" used only once: possible typo at /data5/data/NGS-ann-project/apps/cd-hit/psi-cd-hit/psi-cd-hit.pl line 103.
Name "main::bl_dir" used only once: possible typo at /data5/data/NGS-ann-project/apps/cd-hit/psi-cd-hit/psi-cd-hit.pl line 103.
Name "main::bl_dir" used only once: possible typo at /data5/data/NGS-ann-project/apps/cd-hit/psi-cd-hit/psi-cd-hit.pl line 103.
Name "main::bl_dir" used only once: possible typo at /data5/data/NGS-ann-project/apps/cd-hit/psi-cd-hit/psi-cd-hit.pl line 103.
Name "main::bl_dir" used only once: possible typo at /data5/data/NGS-ann-project/apps/cd-hit/psi-cd-hit/psi-cd-hit.pl line 103.
Name "main::bl_dir" used only once: possible typo at /data5/data/NGS-ann-project/apps/cd-hit/psi-cd-hit/psi-cd-hit.pl line 103.
Name "main::bl_dir" used only once: possible typo at /data5/data/NGS-ann-project/apps/cd-hit/psi-cd-hit/psi-cd-hit.pl line 103.
Name "main::bl_dir" used only once: possible typo at /data5/data/NGS-ann-project/apps/cd-hit/psi-cd-hit/psi-cd-hit.pl line 103.
Name "main::bl_dir" used only once: possible typo at /data5/data/NGS-ann-project/apps/cd-hit/psi-cd-hit/psi-cd-hit.pl line 103.
Name "main::bl_dir" used only once: possible typo at /data5/data/NGS-ann-project/apps/cd-hit/psi-cd-hit/psi-cd-hit.pl line 103.
Name "main::bl_dir" used only once: possible typo at /data5/data/NGS-ann-project/apps/cd-hit/psi-cd-hit/psi-cd-hit.pl line 103.
FASTA-Reader: Ignoring invalid residues at position(s): On line 464: 59
FASTA-Reader: Ignoring invalid residues at position(s): On line 15553: 59
FASTA-Reader: Ignoring invalid residues at position(s): On line 31145: 25
Name "main::bl_dir" used only once: possible typo at /data5/data/NGS-ann-project/apps/cd-hit/psi-cd-hit/psi-cd-hit.pl line 103.
Name "main::bl_dir" used only once: possible typo at /data5/data/NGS-ann-project/apps/cd-hit/psi-cd-hit/psi-cd-hit.pl line 103.
Name "main::bl_dir" used only once: possible typo at /data5/data/NGS-ann-project/apps/cd-hit/psi-cd-hit/psi-cd-hit.pl line 103.
Name "main::bl_dir" used only once: possible typo at /data5/data/NGS-ann-project/apps/cd-hit/psi-cd-hit/psi-cd-hit.pl line 103.
Name "main::bl_dir" used only once: possible typo at /data5/data/NGS-ann-project/apps/cd-hit/psi-cd-hit/psi-cd-hit.pl line 103.
Name "main::bl_dir" used only once: possible typo at /data5/data/NGS-ann-project/apps/cd-hit/psi-cd-hit/psi-cd-hit.pl line 103.
Name "main::bl_dir" used only once: possible typo at /data5/data/NGS-ann-project/apps/cd-hit/psi-cd-hit/psi-cd-hit.pl line 103.
Name "main::bl_dir" used only once: possible typo at /data5/data/NGS-ann-project/apps/cd-hit/psi-cd-hit/psi-cd-hit.pl line 103.
FASTA-Reader: Ignoring invalid residues at position(s): On line 464: 59
FASTA-Reader: Ignoring invalid residues at position(s): On line 15553: 59
FASTA-Reader: Ignoring invalid residues at position(s): On line 31145: 25
Name "main::bl_dir" used only once: possible typo at /data5/data/NGS-ann-project/apps/cd-hit/psi-cd-hit/psi-cd-hit.pl line 103.
Name "main::bl_dir" used only once: possible typo at /data5/data/NGS-ann-project/apps/cd-hit/psi-cd-hit/psi-cd-hit.pl line 103.
Name "main::bl_dir" used only once: possible typo at /data5/data/NGS-ann-project/apps/cd-hit/psi-cd-hit/psi-cd-hit.pl line 103.
Name "main::bl_dir" used only once: possible typo at /data5/data/NGS-ann-project/apps/cd-hit/psi-cd-hit/psi-cd-hit.pl line 103.
Name "main::bl_dir" used only once: possible typo at /data5/data/NGS-ann-project/apps/cd-hit/psi-cd-hit/psi-cd-hit.pl line 103.
Name "main::bl_dir" used only once: possible typo at /data5/data/NGS-ann-project/apps/cd-hit/psi-cd-hit/psi-cd-hit.pl line 103.
Name "main::bl_dir" used only once: possible typo at /data5/data/NGS-ann-project/apps/cd-hit/psi-cd-hit/psi-cd-hit.pl line 103.
Name "main::bl_dir" used only once: possible typo at /data5/data/NGS-ann-project/apps/cd-hit/psi-cd-hit/psi-cd-hit.pl line 103.
Name "main::bl_dir" used only once: possible typo at /data5/data/NGS-ann-project/apps/cd-hit/psi-cd-hit/psi-cd-hit.pl line 103.
Name "main::bl_dir" used only once: possible typo at /data5/data/NGS-ann-project/apps/cd-hit/psi-cd-hit/psi-cd-hit.pl line 103.
Name "main::bl_dir" used only once: possible typo at /data5/data/NGS-ann-project/apps/cd-hit/psi-cd-hit/psi-cd-hit.pl line 103.
Name "main::bl_dir" used only once: possible typo at /data5/data/NGS-ann-project/apps/cd-hit/psi-cd-hit/psi-cd-hit.pl line 103.
Name "main::bl_dir" used only once: possible typo at /data5/data/NGS-ann-project/apps/cd-hit/psi-cd-hit/psi-cd-hit.pl line 103.
Name "main::bl_dir" used only once: possible typo at /data5/data/NGS-ann-project/apps/cd-hit/psi-cd-hit/psi-cd-hit.pl line 103.
Name "main::bl_dir" used only once: possible typo at /data5/data/NGS-ann-project/apps/cd-hit/psi-cd-hit/psi-cd-hit.pl line 103.
Name "main::bl_dir" used only once: possible typo at /data5/data/NGS-ann-project/apps/cd-hit/psi-cd-hit/psi-cd-hit.pl line 103.
Name "main::bl_dir" used only once: possible typo at /data5/data/NGS-ann-project/apps/cd-hit/psi-cd-hit/psi-cd-hit.pl line 103.
Name "main::bl_dir" used only once: possible typo at /data5/data/NGS-ann-project/apps/cd-hit/psi-cd-hit/psi-cd-hit.pl line 103.
Name "main::bl_dir" used only once: possible typo at /data5/data/NGS-ann-project/apps/cd-hit/psi-cd-hit/psi-cd-hit.pl line 103.
Name "main::bl_dir" used only once: possible typo at /data5/data/NGS-ann-project/apps/cd-hit/psi-cd-hit/psi-cd-hit.pl line 103.
Name "main::bl_dir" used only once: possible typo at /data5/data/NGS-ann-project/apps/cd-hit/psi-cd-hit/psi-cd-hit.pl line 103.
Name "main::bl_dir" used only once: possible typo at /data5/data/NGS-ann-project/apps/cd-hit/psi-cd-hit/psi-cd-hit.pl line 103.
Name "main::bl_dir" used only once: possible typo at /data5/data/NGS-ann-project/apps/cd-hit/psi-cd-hit/psi-cd-hit.pl line 103.
Name "main::bl_dir" used only once: possible typo at /data5/data/NGS-ann-project/apps/cd-hit/psi-cd-hit/psi-cd-hit.pl line 103.
Name "main::bl_dir" used only once: possible typo at /data5/data/NGS-ann-project/apps/cd-hit/psi-cd-hit/psi-cd-hit.pl line 103.
Name "main::bl_dir" used only once: possible typo at /data5/data/NGS-ann-project/apps/cd-hit/psi-cd-hit/psi-cd-hit.pl line 103.
Name "main::bl_dir" used only once: possible typo at /data5/data/NGS-ann-project/apps/cd-hit/psi-cd-hit/psi-cd-hit.pl line 103.
Name "main::bl_dir" used only once: possible typo at /data5/data/NGS-ann-project/apps/cd-hit/psi-cd-hit/psi-cd-hit.pl line 103.
Name "main::bl_dir" used only once: possible typo at /data5/data/NGS-ann-project/apps/cd-hit/psi-cd-hit/psi-cd-hit.pl line 103.
Name "main::bl_dir" used only once: possible typo at /data5/data/NGS-ann-project/apps/cd-hit/psi-cd-hit/psi-cd-hit.pl line 103.
Name "main::bl_dir" used only once: possible typo at /data5/data/NGS-ann-project/apps/cd-hit/psi-cd-hit/psi-cd-hit.pl line 103.
Name "main::bl_dir" used only once: possible typo at /data5/data/NGS-ann-project/apps/cd-hit/psi-cd-hit/psi-cd-hit.pl line 103.
FASTA-Reader: Ignoring invalid residues at position(s): On line 464: 59
FASTA-Reader: Ignoring invalid residues at position(s): On line 15553: 59
FASTA-Reader: Ignoring invalid residues at position(s): On line 31145: 25
Name "main::bl_dir" used only once: possible typo at /data5/data/NGS-ann-project/apps/cd-hit/psi-cd-hit/psi-cd-hit.pl line 103.
Name "main::bl_dir" used only once: possible typo at /data5/data/NGS-ann-project/apps/cd-hit/psi-cd-hit/psi-cd-hit.pl line 103.
Name "main::bl_dir" used only once: possible typo at /data5/data/NGS-ann-project/apps/cd-hit/psi-cd-hit/psi-cd-hit.pl line 103.
Name "main::bl_dir" used only once: possible typo at /data5/data/NGS-ann-project/apps/cd-hit/psi-cd-hit/psi-cd-hit.pl line 103.
Name "main::bl_dir" used only once: possible typo at /data5/data/NGS-ann-project/apps/cd-hit/psi-cd-hit/psi-cd-hit.pl line 103.
Name "main::bl_dir" used only once: possible typo at /data5/data/NGS-ann-project/apps/cd-hit/psi-cd-hit/psi-cd-hit.pl line 103.
Name "main::bl_dir" used only once: possible typo at /data5/data/NGS-ann-project/apps/cd-hit/psi-cd-hit/psi-cd-hit.pl line 103.
Name "main::bl_dir" used only once: possible typo at /data5/data/NGS-ann-project/apps/cd-hit/psi-cd-hit/psi-cd-hit.pl line 103.
Name "main::bl_dir" used only once: possible typo at /data5/data/NGS-ann-project/apps/cd-hit/psi-cd-hit/psi-cd-hit.pl line 103.
Name "main::bl_dir" used only once: possible typo at /data5/data/NGS-ann-project/apps/cd-hit/psi-cd-hit/psi-cd-hit.pl line 103.
Name "main::bl_dir" used only once: possible typo at /data5/data/NGS-ann-project/apps/cd-hit/psi-cd-hit/psi-cd-hit.pl line 103.
Name "main::bl_dir" used only once: possible typo at /data5/data/NGS-ann-project/apps/cd-hit/psi-cd-hit/psi-cd-hit.pl line 103.
Name "main::bl_dir" used only once: possible typo at /data5/data/NGS-ann-project/apps/cd-hit/psi-cd-hit/psi-cd-hit.pl line 103.
Name "main::bl_dir" used only once: possible typo at /data5/data/NGS-ann-project/apps/cd-hit/psi-cd-hit/psi-cd-hit.pl line 103.
Name "main::bl_dir" used only once: possible typo at /data5/data/NGS-ann-project/apps/cd-hit/psi-cd-hit/psi-cd-hit.pl line 103.
Name "main::bl_dir" used only once: possible typo at /data5/data/NGS-ann-project/apps/cd-hit/psi-cd-hit/psi-cd-hit.pl line 103.
FASTA-Reader: Ignoring invalid residues at position(s): On line 464: 59
FASTA-Reader: Ignoring invalid residues at position(s): On line 15553: 59
Name "main::bl_dir" used only once: possible typo at /data5/data/NGS-ann-project/apps/cd-hit/psi-cd-hit/psi-cd-hit.pl line 103.
Name "main::bl_dir" used only once: possible typo at /data5/data/NGS-ann-project/apps/cd-hit/psi-cd-hit/psi-cd-hit.pl line 103.
Name "main::bl_dir" used only once: possible typo at /data5/data/NGS-ann-project/apps/cd-hit/psi-cd-hit/psi-cd-hit.pl line 103.
Name "main::bl_dir" used only once: possible typo at /data5/data/NGS-ann-project/apps/cd-hit/psi-cd-hit/psi-cd-hit.pl line 103.
Name "main::bl_dir" used only once: possible typo at /data5/data/NGS-ann-project/apps/cd-hit/psi-cd-hit/psi-cd-hit.pl line 103.
Name "main::bl_dir" used only once: possible typo at /data5/data/NGS-ann-project/apps/cd-hit/psi-cd-hit/psi-cd-hit.pl line 103.
Name "main::bl_dir" used only once: possible typo at /data5/data/NGS-ann-project/apps/cd-hit/psi-cd-hit/psi-cd-hit.pl line 103.
Name "main::bl_dir" used only once: possible typo at /data5/data/NGS-ann-project/apps/cd-hit/psi-cd-hit/psi-cd-hit.pl line 103.
Name "main::bl_dir" used only once: possible typo at /data5/data/NGS-ann-project/apps/cd-hit/psi-cd-hit/psi-cd-hit.pl line 103.
Name "main::bl_dir" used only once: possible typo at /data5/data/NGS-ann-project/apps/cd-hit/psi-cd-hit/psi-cd-hit.pl line 103.
Name "main::bl_dir" used only once: possible typo at /data5/data/NGS-ann-project/apps/cd-hit/psi-cd-hit/psi-cd-hit.pl line 103.
Name "main::bl_dir" used only once: possible typo at /data5/data/NGS-ann-project/apps/cd-hit/psi-cd-hit/psi-cd-hit.pl line 103.
Name "main::bl_dir" used only once: possible typo at /data5/data/NGS-ann-project/apps/cd-hit/psi-cd-hit/psi-cd-hit.pl line 103.
Name "main::bl_dir" used only once: possible typo at /data5/data/NGS-ann-project/apps/cd-hit/psi-cd-hit/psi-cd-hit.pl line 103.
Name "main::bl_dir" used only once: possible typo at /data5/data/NGS-ann-project/apps/cd-hit/psi-cd-hit/psi-cd-hit.pl line 103.
Name "main::bl_dir" used only once: possible typo at /data5/data/NGS-ann-project/apps/cd-hit/psi-cd-hit/psi-cd-hit.pl line 103.
FASTA-Reader: Ignoring invalid residues at position(s): On line 464: 59
FASTA-Reader: Ignoring invalid residues at position(s): On line 15553: 59
FASTA-Reader: Ignoring invalid residues at position(s): On line 4: 59
Name "main::bl_dir" used only once: possible typo at /data5/data/NGS-ann-project/apps/cd-hit/psi-cd-hit/psi-cd-hit.pl line 103.
Name "main::bl_dir" used only once: possible typo at /data5/data/NGS-ann-project/apps/cd-hit/psi-cd-hit/psi-cd-hit.pl line 103.
Name "main::bl_dir" used only once: possible typo at /data5/data/NGS-ann-project/apps/cd-hit/psi-cd-hit/psi-cd-hit.pl line 103.
Name "main::bl_dir" used only once: possible typo at /data5/data/NGS-ann-project/apps/cd-hit/psi-cd-hit/psi-cd-hit.pl line 103.
Name "main::bl_dir" used only once: possible typo at /data5/data/NGS-ann-project/apps/cd-hit/psi-cd-hit/psi-cd-hit.pl line 103.
Name "main::bl_dir" used only once: possible typo at /data5/data/NGS-ann-project/apps/cd-hit/psi-cd-hit/psi-cd-hit.pl line 103.
Name "main::bl_dir" used only once: possible typo at /data5/data/NGS-ann-project/apps/cd-hit/psi-cd-hit/psi-cd-hit.pl line 103.
Name "main::bl_dir" used only once: possible typo at /data5/data/NGS-ann-project/apps/cd-hit/psi-cd-hit/psi-cd-hit.pl line 103.
Name "main::bl_dir" used only once: possible typo at /data5/data/NGS-ann-project/apps/cd-hit/psi-cd-hit/psi-cd-hit.pl line 103.
Name "main::bl_dir" used only once: possible typo at /data5/data/NGS-ann-project/apps/cd-hit/psi-cd-hit/psi-cd-hit.pl line 103.
Name "main::bl_dir" used only once: possible typo at /data5/data/NGS-ann-project/apps/cd-hit/psi-cd-hit/psi-cd-hit.pl line 103.
Name "main::bl_dir" used only once: possible typo at /data5/data/NGS-ann-project/apps/cd-hit/psi-cd-hit/psi-cd-hit.pl line 103.
Name "main::bl_dir" used only once: possible typo at /data5/data/NGS-ann-project/apps/cd-hit/psi-cd-hit/psi-cd-hit.pl line 103.
Name "main::bl_dir" used only once: possible typo at /data5/data/NGS-ann-project/apps/cd-hit/psi-cd-hit/psi-cd-hit.pl line 103.
Name "main::bl_dir" used only once: possible typo at /data5/data/NGS-ann-project/apps/cd-hit/psi-cd-hit/psi-cd-hit.pl line 103.
Name "main::bl_dir" used only once: possible typo at /data5/data/NGS-ann-project/apps/cd-hit/psi-cd-hit/psi-cd-hit.pl line 103.
FASTA-Reader: Ignoring invalid residues at position(s): On line 464: 59
Name "main::bl_dir" used only once: possible typo at /data5/data/NGS-ann-project/apps/cd-hit/psi-cd-hit/psi-cd-hit.pl line 103.
Name "main::bl_dir" used only once: possible typo at /data5/data/NGS-ann-project/apps/cd-hit/psi-cd-hit/psi-cd-hit.pl line 103.
Name "main::bl_dir" used only once: possible typo at /data5/data/NGS-ann-project/apps/cd-hit/psi-cd-hit/psi-cd-hit.pl line 103.
Name "main::bl_dir" used only once: possible typo at /data5/data/NGS-ann-project/apps/cd-hit/psi-cd-hit/psi-cd-hit.pl line 103.
Name "main::bl_dir" used only once: possible typo at /data5/data/NGS-ann-project/apps/cd-hit/psi-cd-hit/psi-cd-hit.pl line 103.
Name "main::bl_dir" used only once: possible typo at /data5/data/NGS-ann-project/apps/cd-hit/psi-cd-hit/psi-cd-hit.pl line 103.
Name "main::bl_dir" used only once: possible typo at /data5/data/NGS-ann-project/apps/cd-hit/psi-cd-hit/psi-cd-hit.pl line 103.
Name "main::bl_dir" used only once: possible typo at /data5/data/NGS-ann-project/apps/cd-hit/psi-cd-hit/psi-cd-hit.pl line 103.
FASTA-Reader: Ignoring invalid residues at position(s): On line 464: 59
Name "main::bl_dir" used only once: possible typo at /data5/data/NGS-ann-project/apps/cd-hit/psi-cd-hit/psi-cd-hit.pl line 103.
Name "main::bl_dir" used only once: possible typo at /data5/data/NGS-ann-project/apps/cd-hit/psi-cd-hit/psi-cd-hit.pl line 103.
Name "main::bl_dir" used only once: possible typo at /data5/data/NGS-ann-project/apps/cd-hit/psi-cd-hit/psi-cd-hit.pl line 103.
Name "main::bl_dir" used only once: possible typo at /data5/data/NGS-ann-project/apps/cd-hit/psi-cd-hit/psi-cd-hit.pl line 103.
Name "main::bl_dir" used only once: possible typo at /data5/data/NGS-ann-project/apps/cd-hit/psi-cd-hit/psi-cd-hit.pl line 103.
Name "main::bl_dir" used only once: possible typo at /data5/data/NGS-ann-project/apps/cd-hit/psi-cd-hit/psi-cd-hit.pl line 103.
Name "main::bl_dir" used only once: possible typo at /data5/data/NGS-ann-project/apps/cd-hit/psi-cd-hit/psi-cd-hit.pl line 103.
Name "main::bl_dir" used only once: possible typo at /data5/data/NGS-ann-project/apps/cd-hit/psi-cd-hit/psi-cd-hit.pl line 103.
FASTA-Reader: Ignoring invalid residues at position(s): On line 464: 59
FASTA-Reader: Ignoring invalid residues at position(s): On line 464: 59
FASTA-Reader: Ignoring invalid residues at position(s): On line 464: 59
Name "main::bl_dir" used only once: possible typo at /data5/data/NGS-ann-project/apps/cd-hit/psi-cd-hit/psi-cd-hit.pl line 103.
Name "main::bl_dir" used only once: possible typo at /data5/data/NGS-ann-project/apps/cd-hit/psi-cd-hit/psi-cd-hit.pl line 103.
Name "main::bl_dir" used only once: possible typo at /data5/data/NGS-ann-project/apps/cd-hit/psi-cd-hit/psi-cd-hit.pl line 103.
Name "main::bl_dir" used only once: possible typo at /data5/data/NGS-ann-project/apps/cd-hit/psi-cd-hit/psi-cd-hit.pl line 103.
Name "main::bl_dir" used only once: possible typo at /data5/data/NGS-ann-project/apps/cd-hit/psi-cd-hit/psi-cd-hit.pl line 103.
Name "main::bl_dir" used only once: possible typo at /data5/data/NGS-ann-project/apps/cd-hit/psi-cd-hit/psi-cd-hit.pl line 103.
Name "main::bl_dir" used only once: possible typo at /data5/data/NGS-ann-project/apps/cd-hit/psi-cd-hit/psi-cd-hit.pl line 103.
Name "main::bl_dir" used only once: possible typo at /data5/data/NGS-ann-project/apps/cd-hit/psi-cd-hit/psi-cd-hit.pl line 103.
FASTA-Reader: Ignoring invalid residues at position(s): On line 464: 59
FASTA-Reader: Ignoring invalid residues at position(s): On line 464: 59
FASTA-Reader: Ignoring invalid residues at position(s): On line 464: 59
FASTA-Reader: Ignoring invalid residues at position(s): On line 464: 59
Name "main::bl_dir" used only once: possible typo at /data5/data/NGS-ann-project/apps/cd-hit/psi-cd-hit/psi-cd-hit.pl line 103.
Name "main::bl_dir" used only once: possible typo at /data5/data/NGS-ann-project/apps/cd-hit/psi-cd-hit/psi-cd-hit.pl line 103.
/var/spool/gridengine/execd/compute-0-5/job_scripts/209667: line 21: faa_stat.pl: command not found
/var/spool/gridengine/execd/compute-0-5/job_scripts/209667: line 24: gnuplot1.pl: command not found
/var/spool/gridengine/execd/compute-0-5/job_scripts/209667: line 24: gnuplot2.pl: command not found
