Started Fri Mar 25 02:26:07 PDT 2022
Total seqs 83012 in 1648200357.fas.0
..........100 finished 63 clusters 965 passed 63/965 clstr/passed 1.16% done 764.36 cpu
..........200 finished 107 clusters 1917 passed 44/952 clstr/passed 2.3% done 764.37 cpu
..........300 finished 137 clusters 2237 passed 30/320 clstr/passed 2.69% done 764.37 cpu
..........400 finished 183 clusters 2763 passed 46/526 clstr/passed 3.32% done 764.38 cpu
..........500 finished 228 clusters 3265 passed 45/502 clstr/passed 3.93% done 1182.1 cpu
..........600 finished 266 clusters 3696 passed 38/431 clstr/passed 4.45% done 1182.11 cpu
..........700 finished 296 clusters 4024 passed 30/328 clstr/passed 4.84% done 1182.11 cpu
..........800 finished 341 clusters 4595 passed 45/571 clstr/passed 5.53% done 1182.12 cpu
..........900 finished 386 clusters 4969 passed 45/374 clstr/passed 5.98% done 1182.12 cpu
..........1000 finished 413 clusters 5396 passed 27/427 clstr/passed 6.5% done 1560.97 cpu
..........1100 finished 451 clusters 5732 passed 38/336 clstr/passed 6.9% done 1560.98 cpu
..........1200 finished 485 clusters 6280 passed 34/548 clstr/passed 7.56% done 1560.99 cpu
..........1300 finished 525 clusters 6767 passed 40/487 clstr/passed 8.15% done 1561 cpu
..........1400 finished 566 clusters 7156 passed 41/389 clstr/passed 8.62% done 1561 cpu
..........1500 finished 601 clusters 7364 passed 35/208 clstr/passed 8.87% done 1561.01 cpu
..........1600 finished 628 clusters 7474 passed 27/110 clstr/passed 9% done 1561.01 cpu
..........1700 finished 665 clusters 7683 passed 37/209 clstr/passed 9.25% done 1904.17 cpu
..........1800 finished 696 clusters 7951 passed 31/268 clstr/passed 9.57% done 1904.17 cpu
..........1900 finished 738 clusters 8219 passed 42/268 clstr/passed 9.9% done 1904.17 cpu
..........2000 finished 771 clusters 8405 passed 33/186 clstr/passed 10.12% done 1904.18 cpu
..........2100 finished 809 clusters 8792 passed 38/387 clstr/passed 10.59% done 1904.19 cpu
..........2200 finished 850 clusters 9100 passed 41/308 clstr/passed 10.96% done 1904.2 cpu
..........2300 finished 884 clusters 9288 passed 34/188 clstr/passed 11.18% done 1904.2 cpu
..........2400 finished 918 clusters 9629 passed 34/341 clstr/passed 11.59% done 2285.44 cpu
..........2500 finished 958 clusters 9911 passed 40/282 clstr/passed 11.93% done 2285.45 cpu
..........2600 finished 993 clusters 10241 passed 35/330 clstr/passed 12.33% done 2285.45 cpu
..........2700 finished 1034 clusters 10515 passed 41/274 clstr/passed 12.66% done 2285.46 cpu
..........2800 finished 1079 clusters 10863 passed 45/348 clstr/passed 13.08% done 2285.47 cpu
..........2900 finished 1115 clusters 11333 passed 36/470 clstr/passed 13.65% done 2285.49 cpu
..........3000 finished 1149 clusters 11709 passed 34/376 clstr/passed 14.1% done 2285.49 cpu
..........3100 finished 1194 clusters 12425 passed 45/716 clstr/passed 14.96% done 2588.37 cpu
..........3200 finished 1228 clusters 12653 passed 34/228 clstr/passed 15.24% done 2588.38 cpu
..........3300 finished 1271 clusters 12911 passed 43/258 clstr/passed 15.55% done 2588.39 cpu
..........3400 finished 1305 clusters 13233 passed 34/322 clstr/passed 15.94% done 2588.4 cpu
..........3500 finished 1343 clusters 13408 passed 38/175 clstr/passed 16.15% done 2588.4 cpu
..........3600 finished 1373 clusters 13660 passed 30/252 clstr/passed 16.45% done 2588.4 cpu
..........3700 finished 1408 clusters 13872 passed 35/212 clstr/passed 16.71% done 2588.41 cpu
..........3800 finished 1443 clusters 14144 passed 35/272 clstr/passed 17.03% done 2588.41 cpu
..........3900 finished 1476 clusters 14296 passed 33/152 clstr/passed 17.22% done 2588.41 cpu
..........4000 finished 1509 clusters 14546 passed 33/250 clstr/passed 17.52% done 2867.37 cpu
..........4100 finished 1543 clusters 14831 passed 34/285 clstr/passed 17.86% done 2867.37 cpu
..........4200 finished 1578 clusters 15013 passed 35/182 clstr/passed 18.08% done 2867.37 cpu
..........4300 finished 1609 clusters 15158 passed 31/145 clstr/passed 18.26% done 2867.38 cpu
..........4400 finished 1640 clusters 15351 passed 31/193 clstr/passed 18.49% done 2867.38 cpu
..........4500 finished 1673 clusters 15466 passed 33/115 clstr/passed 18.63% done 2867.38 cpu
..........4600 finished 1698 clusters 15682 passed 25/216 clstr/passed 18.89% done 2867.39 cpu
..........4700 finished 1728 clusters 15870 passed 30/188 clstr/passed 19.11% done 2867.39 cpu
..........4800 finished 1767 clusters 16134 passed 39/264 clstr/passed 19.43% done 2867.4 cpu
..........4900 finished 1802 clusters 16325 passed 35/191 clstr/passed 19.66% done 3151.5 cpu
..........5000 finished 1838 clusters 16507 passed 36/182 clstr/passed 19.88% done 3151.5 cpu
..........5100 finished 1880 clusters 16749 passed 42/242 clstr/passed 20.17% done 3151.5 cpu
..........5200 finished 1914 clusters 16928 passed 34/179 clstr/passed 20.39% done 3151.51 cpu
..........5300 finished 1957 clusters 17104 passed 43/176 clstr/passed 20.6% done 3151.53 cpu
..........5400 finished 1988 clusters 17245 passed 31/141 clstr/passed 20.77% done 3151.53 cpu
..........5500 finished 2026 clusters 17434 passed 38/189 clstr/passed 21% done 3151.54 cpu
..........5600 finished 2075 clusters 17817 passed 49/383 clstr/passed 21.46% done 3151.55 cpu
..........5700 finished 2099 clusters 17912 passed 24/95 clstr/passed 21.57% done 3413.12 cpu
..........5800 finished 2134 clusters 18150 passed 35/238 clstr/passed 21.86% done 3413.13 cpu
..........5900 finished 2157 clusters 18232 passed 23/82 clstr/passed 21.96% done 3413.13 cpu
..........6000 finished 2192 clusters 18417 passed 35/185 clstr/passed 22.18% done 3413.14 cpu
..........6100 finished 2227 clusters 18895 passed 35/478 clstr/passed 22.76% done 3413.14 cpu
..........6200 finished 2262 clusters 19084 passed 35/189 clstr/passed 22.98% done 3413.14 cpu
..........6300 finished 2292 clusters 19354 passed 30/270 clstr/passed 23.31% done 3413.15 cpu
..........6400 finished 2318 clusters 19545 passed 26/191 clstr/passed 23.54% done 3413.15 cpu
..........6500 finished 2359 clusters 19816 passed 41/271 clstr/passed 23.87% done 3413.17 cpu
..........6600 finished 2389 clusters 20081 passed 30/265 clstr/passed 24.19% done 3413.17 cpu
..........6700 finished 2421 clusters 20261 passed 32/180 clstr/passed 24.4% done 3662.09 cpu
..........6800 finished 2446 clusters 20347 passed 25/86 clstr/passed 24.51% done 3662.09 cpu
..........6900 finished 2479 clusters 20466 passed 33/119 clstr/passed 24.65% done 3662.1 cpu
..........7000 finished 2517 clusters 20641 passed 38/175 clstr/passed 24.86% done 3662.11 cpu
..........7100 finished 2536 clusters 20716 passed 19/75 clstr/passed 24.95% done 3662.11 cpu
..........7200 finished 2573 clusters 20930 passed 37/214 clstr/passed 25.21% done 3662.11 cpu
..........7300 finished 2599 clusters 21012 passed 26/82 clstr/passed 25.31% done 3662.11 cpu
..........7400 finished 2626 clusters 21196 passed 27/184 clstr/passed 25.53% done 3662.12 cpu
..........7500 finished 2654 clusters 21373 passed 28/177 clstr/passed 25.74% done 3662.12 cpu
..........7600 finished 2694 clusters 21704 passed 40/331 clstr/passed 26.14% done 3662.14 cpu
..........7700 finished 2720 clusters 21812 passed 26/108 clstr/passed 26.27% done 3662.14 cpu
..........7800 finished 2754 clusters 21997 passed 34/185 clstr/passed 26.49% done 3936.19 cpu
..........7900 finished 2787 clusters 22105 passed 33/108 clstr/passed 26.62% done 3936.2 cpu
..........8000 finished 2818 clusters 22256 passed 31/151 clstr/passed 26.81% done 3936.2 cpu
..........8100 finished 2854 clusters 22548 passed 36/292 clstr/passed 27.16% done 3936.22 cpu
..........8200 finished 2888 clusters 22762 passed 34/214 clstr/passed 27.42% done 3936.23 cpu
..........8300 finished 2930 clusters 23018 passed 42/256 clstr/passed 27.72% done 3936.23 cpu
..........8400 finished 2956 clusters 23336 passed 26/318 clstr/passed 28.11% done 3940.33 cpu
..........8500 finished 2985 clusters 23545 passed 29/209 clstr/passed 28.36% done 3940.33 cpu
..........8600 finished 3015 clusters 23698 passed 30/153 clstr/passed 28.54% done 3940.36 cpu
..........8700 finished 3052 clusters 23858 passed 37/160 clstr/passed 28.74% done 3940.36 cpu
..........8800 finished 3073 clusters 24030 passed 21/172 clstr/passed 28.94% done 4140.96 cpu
..........8900 finished 3104 clusters 24133 passed 31/103 clstr/passed 29.07% done 4140.96 cpu
..........9000 finished 3134 clusters 24219 passed 30/86 clstr/passed 29.17% done 4140.96 cpu
..........9100 finished 3170 clusters 24339 passed 36/120 clstr/passed 29.31% done 4140.97 cpu
..........9200 finished 3200 clusters 24490 passed 30/151 clstr/passed 29.5% done 4140.97 cpu
..........9300 finished 3231 clusters 24632 passed 31/142 clstr/passed 29.67% done 4140.99 cpu
..........9400 finished 3263 clusters 24899 passed 32/267 clstr/passed 29.99% done 4141 cpu
..........9500 finished 3294 clusters 24994 passed 31/95 clstr/passed 30.1% done 4141 cpu
..........9600 finished 3323 clusters 25151 passed 29/157 clstr/passed 30.29% done 4141 cpu
..........9700 finished 3357 clusters 25274 passed 34/123 clstr/passed 30.44% done 4141 cpu
..........9800 finished 3386 clusters 25404 passed 29/130 clstr/passed 30.6% done 4141.01 cpu
..........9900 finished 3413 clusters 25568 passed 27/164 clstr/passed 30.8% done 4318.19 cpu
..........10000 finished 3441 clusters 25826 passed 28/258 clstr/passed 31.11% done 4318.2 cpu
..........10100 finished 3477 clusters 26147 passed 36/321 clstr/passed 31.49% done 4318.2 cpu
..........10200 finished 3501 clusters 26241 passed 24/94 clstr/passed 31.61% done 4318.2 cpu
..........10300 finished 3532 clusters 26369 passed 31/128 clstr/passed 31.76% done 4318.22 cpu
..........10400 finished 3561 clusters 26528 passed 29/159 clstr/passed 31.95% done 4318.22 cpu
..........10500 finished 3595 clusters 26703 passed 34/175 clstr/passed 32.16% done 4318.22 cpu
..........10600 finished 3629 clusters 26819 passed 34/116 clstr/passed 32.3% done 4318.23 cpu
..........10700 finished 3657 clusters 26940 passed 28/121 clstr/passed 32.45% done 4318.24 cpu
..........10800 finished 3683 clusters 27029 passed 26/89 clstr/passed 32.56% done 4318.24 cpu
..........10900 finished 3714 clusters 27181 passed 31/152 clstr/passed 32.74% done 4504.04 cpu
..........11000 finished 3753 clusters 27343 passed 39/162 clstr/passed 32.93% done 4504.05 cpu
..........11100 finished 3780 clusters 27455 passed 27/112 clstr/passed 33.07% done 4504.05 cpu
..........11200 finished 3811 clusters 27596 passed 31/141 clstr/passed 33.24% done 4504.06 cpu
..........11300 finished 3834 clusters 27644 passed 23/48 clstr/passed 33.3% done 4504.06 cpu
..........11400 finished 3861 clusters 27743 passed 27/99 clstr/passed 33.42% done 4504.06 cpu
..........11500 finished 3903 clusters 27927 passed 42/184 clstr/passed 33.64% done 4504.07 cpu
..........11600 finished 3941 clusters 28113 passed 38/186 clstr/passed 33.86% done 4504.08 cpu
..........11700 finished 3976 clusters 28257 passed 35/144 clstr/passed 34.03% done 4504.08 cpu
..........11800 finished 4011 clusters 28409 passed 35/152 clstr/passed 34.22% done 4504.09 cpu
..........11900 finished 4048 clusters 28504 passed 37/95 clstr/passed 34.33% done 4504.09 cpu
..........12000 finished 4072 clusters 28622 passed 24/118 clstr/passed 34.47% done 4671.98 cpu
..........12100 finished 4104 clusters 28748 passed 32/126 clstr/passed 34.63% done 4671.98 cpu
..........12200 finished 4130 clusters 28931 passed 26/183 clstr/passed 34.85% done 4671.98 cpu
..........12300 finished 4169 clusters 29152 passed 39/221 clstr/passed 35.11% done 4671.99 cpu
..........12400 finished 4198 clusters 29291 passed 29/139 clstr/passed 35.28% done 4672 cpu
..........12500 finished 4222 clusters 29353 passed 24/62 clstr/passed 35.35% done 4672 cpu
..........12600 finished 4249 clusters 29506 passed 27/153 clstr/passed 35.54% done 4672 cpu
..........12700 finished 4280 clusters 29636 passed 31/130 clstr/passed 35.7% done 4672 cpu
..........12800 finished 4306 clusters 29769 passed 26/133 clstr/passed 35.86% done 4672.01 cpu
..........12900 finished 4334 clusters 29904 passed 28/135 clstr/passed 36.02% done 4672.01 cpu
..........13000 finished 4363 clusters 30036 passed 29/132 clstr/passed 36.18% done 4672.01 cpu
..........13100 finished 4390 clusters 30162 passed 27/126 clstr/passed 36.33% done 4833.34 cpu
..........13200 finished 4420 clusters 30222 passed 30/60 clstr/passed 36.4% done 4833.35 cpu
..........13300 finished 4456 clusters 30369 passed 36/147 clstr/passed 36.58% done 4833.35 cpu
..........13400 finished 4480 clusters 30449 passed 24/80 clstr/passed 36.68% done 4833.35 cpu
..........13500 finished 4508 clusters 30559 passed 28/110 clstr/passed 36.81% done 4833.36 cpu
..........13600 finished 4530 clusters 30719 passed 22/160 clstr/passed 37% done 4833.37 cpu
..........13700 finished 4558 clusters 30801 passed 28/82 clstr/passed 37.1% done 4833.37 cpu
..........13800 finished 4584 clusters 30867 passed 26/66 clstr/passed 37.18% done 4833.37 cpu
..........13900 finished 4616 clusters 31001 passed 32/134 clstr/passed 37.34% done 4833.37 cpu
..........14000 finished 4647 clusters 31128 passed 31/127 clstr/passed 37.49% done 4833.37 cpu
..........14100 finished 4670 clusters 31182 passed 23/54 clstr/passed 37.56% done 4833.37 cpu
..........14200 finished 4711 clusters 31350 passed 41/168 clstr/passed 37.76% done 4997.01 cpu
..........14300 finished 4751 clusters 31580 passed 40/230 clstr/passed 38.04% done 4997.01 cpu
..........14400 finished 4790 clusters 31685 passed 39/105 clstr/passed 38.16% done 4997.02 cpu
..........14500 finished 4823 clusters 31935 passed 33/250 clstr/passed 38.47% done 4997.02 cpu
..........14600 finished 4855 clusters 32033 passed 32/98 clstr/passed 38.58% done 4997.02 cpu
..........14700 finished 4883 clusters 32085 passed 28/52 clstr/passed 38.65% done 4997.02 cpu
..........14800 finished 4912 clusters 32180 passed 29/95 clstr/passed 38.76% done 4997.03 cpu
..........14900 finished 4943 clusters 32441 passed 31/261 clstr/passed 39.07% done 4997.03 cpu
..........15000 finished 4978 clusters 32556 passed 35/115 clstr/passed 39.21% done 4997.03 cpu
..........15100 finished 5005 clusters 32647 passed 27/91 clstr/passed 39.32% done 4997.04 cpu
..........15200 finished 5034 clusters 32780 passed 29/133 clstr/passed 39.48% done 4997.04 cpu
..........15300 finished 5066 clusters 32894 passed 32/114 clstr/passed 39.62% done 5169.04 cpu
..........15400 finished 5099 clusters 32990 passed 33/96 clstr/passed 39.74% done 5169.05 cpu
..........15500 finished 5128 clusters 33167 passed 29/177 clstr/passed 39.95% done 5169.06 cpu
..........15600 finished 5159 clusters 33272 passed 31/105 clstr/passed 40.08% done 5169.07 cpu
..........15700 finished 5188 clusters 33423 passed 29/151 clstr/passed 40.26% done 5169.07 cpu
..........15800 finished 5219 clusters 33509 passed 31/86 clstr/passed 40.36% done 5169.08 cpu
..........15900 finished 5250 clusters 33631 passed 31/122 clstr/passed 40.51% done 5169.09 cpu
..........16000 finished 5286 clusters 33727 passed 36/96 clstr/passed 40.62% done 5169.09 cpu
..........16100 finished 5316 clusters 33902 passed 30/175 clstr/passed 40.83% done 5169.1 cpu
..........16200 finished 5340 clusters 34003 passed 24/101 clstr/passed 40.96% done 5169.1 cpu
..........16300 finished 5364 clusters 34065 passed 24/62 clstr/passed 41.03% done 5169.1 cpu
..........16400 finished 5391 clusters 34151 passed 27/86 clstr/passed 41.13% done 5169.12 cpu
..........16500 finished 5429 clusters 34381 passed 38/230 clstr/passed 41.41% done 5323.31 cpu
..........16600 finished 5456 clusters 34457 passed 27/76 clstr/passed 41.5% done 5323.31 cpu
..........16700 finished 5482 clusters 34543 passed 26/86 clstr/passed 41.61% done 5326.82 cpu
..........16800 finished 5510 clusters 34635 passed 28/92 clstr/passed 41.72% done 5326.82 cpu
..........16900 finished 5539 clusters 34775 passed 29/140 clstr/passed 41.89% done 5326.82 cpu
..........17000 finished 5571 clusters 34879 passed 32/104 clstr/passed 42.01% done 5326.83 cpu
..........17100 finished 5595 clusters 35043 passed 24/164 clstr/passed 42.21% done 5326.84 cpu
..........17200 finished 5633 clusters 35196 passed 38/153 clstr/passed 42.39% done 5326.84 cpu
..........17300 finished 5665 clusters 35319 passed 32/123 clstr/passed 42.54% done 5326.84 cpu
..........17400 finished 5694 clusters 35414 passed 29/95 clstr/passed 42.66% done 5326.85 cpu
..........17500 finished 5715 clusters 35478 passed 21/64 clstr/passed 42.73% done 5326.85 cpu
..........17600 finished 5738 clusters 35513 passed 23/35 clstr/passed 42.78% done 5326.85 cpu
..........17700 finished 5765 clusters 35614 passed 27/101 clstr/passed 42.9% done 5468.7 cpu
..........17800 finished 5791 clusters 35717 passed 26/103 clstr/passed 43.02% done 5468.71 cpu
..........17900 finished 5824 clusters 35841 passed 33/124 clstr/passed 43.17% done 5468.72 cpu
..........18000 finished 5851 clusters 35944 passed 27/103 clstr/passed 43.29% done 5468.72 cpu
..........18100 finished 5883 clusters 36086 passed 32/142 clstr/passed 43.47% done 5468.72 cpu
..........18200 finished 5916 clusters 36325 passed 33/239 clstr/passed 43.75% done 5468.72 cpu
..........18300 finished 5947 clusters 36441 passed 31/116 clstr/passed 43.89% done 5468.74 cpu
..........18400 finished 5985 clusters 36649 passed 38/208 clstr/passed 44.14% done 5468.75 cpu
..........18500 finished 6017 clusters 36735 passed 32/86 clstr/passed 44.25% done 5468.75 cpu
..........18600 finished 6046 clusters 36825 passed 29/90 clstr/passed 44.36% done 5468.75 cpu
..........18700 finished 6078 clusters 36936 passed 32/111 clstr/passed 44.49% done 5468.76 cpu
..........18800 finished 6112 clusters 37052 passed 34/116 clstr/passed 44.63% done 5596.92 cpu
..........18900 finished 6150 clusters 37208 passed 38/156 clstr/passed 44.82% done 5596.92 cpu
..........19000 finished 6184 clusters 37416 passed 34/208 clstr/passed 45.07% done 5596.92 cpu
..........19100 finished 6210 clusters 37534 passed 26/118 clstr/passed 45.21% done 5596.93 cpu
..........19200 finished 6241 clusters 37666 passed 31/132 clstr/passed 45.37% done 5596.93 cpu
..........19300 finished 6269 clusters 37763 passed 28/97 clstr/passed 45.49% done 5596.94 cpu
..........19400 finished 6305 clusters 37863 passed 36/100 clstr/passed 45.61% done 5596.95 cpu
..........19500 finished 6334 clusters 37963 passed 29/100 clstr/passed 45.73% done 5596.95 cpu
..........19600 finished 6365 clusters 38115 passed 31/152 clstr/passed 45.91% done 5596.96 cpu
..........19700 finished 6384 clusters 38174 passed 19/59 clstr/passed 45.98% done 5596.97 cpu
..........19800 finished 6418 clusters 38337 passed 34/163 clstr/passed 46.18% done 5596.97 cpu
..........19900 finished 6450 clusters 38462 passed 32/125 clstr/passed 46.33% done 5725.91 cpu
..........20000 finished 6475 clusters 38617 passed 25/155 clstr/passed 46.51% done 5725.92 cpu
..........20100 finished 6495 clusters 38701 passed 20/84 clstr/passed 46.62% done 5726.44 cpu
..........20200 finished 6519 clusters 38841 passed 24/140 clstr/passed 46.78% done 5726.44 cpu
..........20300 finished 6548 clusters 38940 passed 29/99 clstr/passed 46.9% done 5726.45 cpu
..........20400 finished 6584 clusters 39062 passed 36/122 clstr/passed 47.05% done 5726.46 cpu
..........20500 finished 6613 clusters 39197 passed 29/135 clstr/passed 47.21% done 5726.46 cpu
..........20600 finished 6633 clusters 39266 passed 20/69 clstr/passed 47.3% done 5726.46 cpu
..........20700 finished 6662 clusters 39357 passed 29/91 clstr/passed 47.41% done 5726.46 cpu
..........20800 finished 6690 clusters 39486 passed 28/129 clstr/passed 47.56% done 5726.46 cpu
..........20900 finished 6718 clusters 39579 passed 28/93 clstr/passed 47.67% done 5726.46 cpu
..........21000 finished 6750 clusters 39692 passed 32/113 clstr/passed 47.81% done 5726.48 cpu
..........21100 finished 6784 clusters 39793 passed 34/101 clstr/passed 47.93% done 5845.63 cpu
..........21200 finished 6811 clusters 39861 passed 27/68 clstr/passed 48.01% done 5845.64 cpu
..........21300 finished 6839 clusters 40018 passed 28/157 clstr/passed 48.2% done 5845.65 cpu
..........21400 finished 6872 clusters 40195 passed 33/177 clstr/passed 48.42% done 5845.65 cpu
..........21500 finished 6892 clusters 40282 passed 20/87 clstr/passed 48.52% done 5845.65 cpu
..........21600 finished 6915 clusters 40342 passed 23/60 clstr/passed 48.59% done 5845.65 cpu
..........21700 finished 6935 clusters 40407 passed 20/65 clstr/passed 48.67% done 5845.66 cpu
..........21800 finished 6963 clusters 40492 passed 28/85 clstr/passed 48.77% done 5845.67 cpu
..........21900 finished 6996 clusters 40623 passed 33/131 clstr/passed 48.93% done 5845.67 cpu
..........22000 finished 7031 clusters 40738 passed 35/115 clstr/passed 49.07% done 5845.68 cpu
..........22100 finished 7066 clusters 40881 passed 35/143 clstr/passed 49.24% done 5845.68 cpu
..........22200 finished 7091 clusters 40944 passed 25/63 clstr/passed 49.32% done 5845.68 cpu
..........22300 finished 7112 clusters 40989 passed 21/45 clstr/passed 49.37% done 5845.68 cpu
..........22400 finished 7141 clusters 41101 passed 29/112 clstr/passed 49.51% done 5970.98 cpu
..........22500 finished 7176 clusters 41273 passed 35/172 clstr/passed 49.71% done 5970.99 cpu
..........22600 finished 7208 clusters 41380 passed 32/107 clstr/passed 49.84% done 5970.99 cpu
..........22700 finished 7237 clusters 41470 passed 29/90 clstr/passed 49.95% done 5971 cpu
..........22800 finished 7260 clusters 41525 passed 23/55 clstr/passed 50.02% done 5971 cpu
..........22900 finished 7282 clusters 41597 passed 22/72 clstr/passed 50.1% done 5971.01 cpu
..........23000 finished 7312 clusters 41702 passed 30/105 clstr/passed 50.23% done 5971.01 cpu
..........23100 finished 7339 clusters 41808 passed 27/106 clstr/passed 50.36% done 5971.01 cpu
..........23200 finished 7373 clusters 41936 passed 34/128 clstr/passed 50.51% done 5971.01 cpu
..........23300 finished 7395 clusters 41980 passed 22/44 clstr/passed 50.57% done 5971.02 cpu
..........23400 finished 7423 clusters 42114 passed 28/134 clstr/passed 50.73% done 5971.03 cpu
..........23500 finished 7448 clusters 42177 passed 25/63 clstr/passed 50.8% done 5971.04 cpu
..........23600 finished 7475 clusters 42272 passed 27/95 clstr/passed 50.92% done 6087.3 cpu
..........23700 finished 7499 clusters 42324 passed 24/52 clstr/passed 50.98% done 6087.3 cpu
..........23800 finished 7526 clusters 42386 passed 27/62 clstr/passed 51.06% done 6087.31 cpu
..........23900 finished 7545 clusters 42450 passed 19/64 clstr/passed 51.13% done 6087.31 cpu
..........24000 finished 7568 clusters 42585 passed 23/135 clstr/passed 51.29% done 6087.32 cpu
..........24100 finished 7606 clusters 42703 passed 38/118 clstr/passed 51.44% done 6087.32 cpu
..........24200 finished 7629 clusters 42766 passed 23/63 clstr/passed 51.51% done 6087.32 cpu
..........24300 finished 7647 clusters 42825 passed 18/59 clstr/passed 51.58% done 6087.33 cpu
..........24400 finished 7671 clusters 42925 passed 24/100 clstr/passed 51.7% done 6087.33 cpu
..........24500 finished 7704 clusters 43078 passed 33/153 clstr/passed 51.89% done 6087.34 cpu
..........24600 finished 7727 clusters 43140 passed 23/62 clstr/passed 51.96% done 6087.34 cpu
..........24700 finished 7754 clusters 43290 passed 27/150 clstr/passed 52.14% done 6087.34 cpu
..........24800 finished 7776 clusters 43557 passed 22/267 clstr/passed 52.47% done 6087.34 cpu
..........24900 finished 7799 clusters 43661 passed 23/104 clstr/passed 52.59% done 6087.34 cpu
..........25000 finished 7825 clusters 43736 passed 26/75 clstr/passed 52.68% done 6185.53 cpu
..........25100 finished 7856 clusters 43851 passed 31/115 clstr/passed 52.82% done 6185.54 cpu
..........25200 finished 7889 clusters 43964 passed 33/113 clstr/passed 52.96% done 6185.55 cpu
..........25300 finished 7921 clusters 44039 passed 32/75 clstr/passed 53.05% done 6185.55 cpu
..........25400 finished 7950 clusters 44143 passed 29/104 clstr/passed 53.17% done 6185.55 cpu
..........25500 finished 7975 clusters 44269 passed 25/126 clstr/passed 53.32% done 6185.56 cpu
..........25600 finished 7998 clusters 44355 passed 23/86 clstr/passed 53.43% done 6185.57 cpu
..........25700 finished 8037 clusters 44471 passed 39/116 clstr/passed 53.57% done 6185.58 cpu
..........25800 finished 8067 clusters 44582 passed 30/111 clstr/passed 53.7% done 6185.58 cpu
..........25900 finished 8092 clusters 44685 passed 25/103 clstr/passed 53.82% done 6185.58 cpu
..........26000 finished 8130 clusters 44810 passed 38/125 clstr/passed 53.98% done 6185.59 cpu
..........26100 finished 8161 clusters 44903 passed 31/93 clstr/passed 54.09% done 6281.91 cpu
..........26200 finished 8180 clusters 44946 passed 19/43 clstr/passed 54.14% done 6281.91 cpu
..........26300 finished 8206 clusters 45024 passed 26/78 clstr/passed 54.23% done 6281.92 cpu
..........26400 finished 8236 clusters 45132 passed 30/108 clstr/passed 54.36% done 6281.92 cpu
..........26500 finished 8262 clusters 45216 passed 26/84 clstr/passed 54.46% done 6281.92 cpu
..........26600 finished 8292 clusters 45310 passed 30/94 clstr/passed 54.58% done 6281.92 cpu
..........26700 finished 8326 clusters 45492 passed 34/182 clstr/passed 54.8% done 6281.93 cpu
..........26800 finished 8352 clusters 45603 passed 26/111 clstr/passed 54.93% done 6281.93 cpu
..........26900 finished 8377 clusters 45704 passed 25/101 clstr/passed 55.05% done 6281.94 cpu
..........27000 finished 8407 clusters 45797 passed 30/93 clstr/passed 55.16% done 6281.94 cpu
..........27100 finished 8436 clusters 45900 passed 29/103 clstr/passed 55.29% done 6281.95 cpu
..........27200 finished 8464 clusters 45999 passed 28/99 clstr/passed 55.41% done 6281.95 cpu
..........27300 finished 8495 clusters 46084 passed 31/85 clstr/passed 55.51% done 6281.96 cpu
..........27400 finished 8523 clusters 46200 passed 28/116 clstr/passed 55.65% done 6365.79 cpu
..........27500 finished 8554 clusters 46308 passed 31/108 clstr/passed 55.78% done 6365.79 cpu
..........27600 finished 8583 clusters 46383 passed 29/75 clstr/passed 55.87% done 6365.79 cpu
..........27700 finished 8616 clusters 46577 passed 33/194 clstr/passed 56.1% done 6365.8 cpu
..........27800 finished 8644 clusters 46670 passed 28/93 clstr/passed 56.22% done 6365.81 cpu
..........27900 finished 8665 clusters 46740 passed 21/70 clstr/passed 56.3% done 6365.82 cpu
..........28000 finished 8693 clusters 46818 passed 28/78 clstr/passed 56.39% done 6365.82 cpu
..........28100 finished 8716 clusters 46891 passed 23/73 clstr/passed 56.48% done 6365.82 cpu
..........28200 finished 8743 clusters 46958 passed 27/67 clstr/passed 56.56% done 6365.83 cpu
..........28300 finished 8764 clusters 47012 passed 21/54 clstr/passed 56.63% done 6365.83 cpu
..........28400 finished 8787 clusters 47094 passed 23/82 clstr/passed 56.73% done 6365.83 cpu
..........28500 finished 8813 clusters 47196 passed 26/102 clstr/passed 56.85% done 6365.83 cpu
..........28600 finished 8843 clusters 47302 passed 30/106 clstr/passed 56.98% done 6365.83 cpu
..........28700 finished 8873 clusters 47401 passed 30/99 clstr/passed 57.1% done 6454.87 cpu
..........28800 finished 8904 clusters 47489 passed 31/88 clstr/passed 57.2% done 6454.88 cpu
..........28900 finished 8928 clusters 47548 passed 24/59 clstr/passed 57.27% done 6454.88 cpu
..........29000 finished 8958 clusters 47623 passed 30/75 clstr/passed 57.36% done 6454.89 cpu
..........29100 finished 8985 clusters 47733 passed 27/110 clstr/passed 57.5% done 6454.89 cpu
..........29200 finished 9009 clusters 47794 passed 24/61 clstr/passed 57.57% done 6454.89 cpu
..........29300 finished 9033 clusters 47911 passed 24/117 clstr/passed 57.71% done 6454.9 cpu
..........29400 finished 9067 clusters 48082 passed 34/171 clstr/passed 57.92% done 6454.91 cpu
..........29500 finished 9095 clusters 48145 passed 28/63 clstr/passed 57.99% done 6454.91 cpu
..........29600 finished 9126 clusters 48262 passed 31/117 clstr/passed 58.13% done 6454.91 cpu
..........29700 finished 9156 clusters 48335 passed 30/73 clstr/passed 58.22% done 6454.92 cpu
..........29800 finished 9182 clusters 48409 passed 26/74 clstr/passed 58.31% done 6454.92 cpu
..........29900 finished 9209 clusters 48525 passed 27/116 clstr/passed 58.45% done 6454.92 cpu
..........30000 finished 9239 clusters 48602 passed 30/77 clstr/passed 58.54% done 6547.19 cpu
..........30100 finished 9270 clusters 48688 passed 31/86 clstr/passed 58.65% done 6547.19 cpu
..........30200 finished 9299 clusters 48751 passed 29/63 clstr/passed 58.72% done 6547.2 cpu
..........30300 finished 9320 clusters 48858 passed 21/107 clstr/passed 58.85% done 6547.21 cpu
..........30400 finished 9359 clusters 48964 passed 39/106 clstr/passed 58.98% done 6547.21 cpu
..........30500 finished 9383 clusters 49084 passed 24/120 clstr/passed 59.12% done 6547.22 cpu
..........30600 finished 9415 clusters 49172 passed 32/88 clstr/passed 59.23% done 6547.22 cpu
..........30700 finished 9442 clusters 49229 passed 27/57 clstr/passed 59.3% done 6547.23 cpu
..........30800 finished 9471 clusters 49295 passed 29/66 clstr/passed 59.38% done 6547.24 cpu
..........30900 finished 9491 clusters 49332 passed 20/37 clstr/passed 59.42% done 6547.24 cpu
..........31000 finished 9516 clusters 49394 passed 25/62 clstr/passed 59.5% done 6547.24 cpu
..........31100 finished 9543 clusters 49449 passed 27/55 clstr/passed 59.56% done 6547.25 cpu
..........31200 finished 9571 clusters 49548 passed 28/99 clstr/passed 59.68% done 6547.25 cpu
..........31300 finished 9596 clusters 49632 passed 25/84 clstr/passed 59.78% done 6637.14 cpu
..........31400 finished 9616 clusters 49681 passed 20/49 clstr/passed 59.84% done 6637.16 cpu
..........31500 finished 9631 clusters 49719 passed 15/38 clstr/passed 59.89% done 6637.16 cpu
..........31600 finished 9655 clusters 49791 passed 24/72 clstr/passed 59.98% done 6637.16 cpu
..........31700 finished 9687 clusters 49903 passed 32/112 clstr/passed 60.11% done 6637.17 cpu
..........31800 finished 9711 clusters 49974 passed 24/71 clstr/passed 60.2% done 6637.18 cpu
..........31900 finished 9741 clusters 50043 passed 30/69 clstr/passed 60.28% done 6637.18 cpu
..........32000 finished 9775 clusters 50182 passed 34/139 clstr/passed 60.45% done 6637.19 cpu
..........32100 finished 9805 clusters 50279 passed 30/97 clstr/passed 60.56% done 6637.19 cpu
..........32200 finished 9831 clusters 50355 passed 26/76 clstr/passed 60.65% done 6637.19 cpu
..........32300 finished 9851 clusters 50399 passed 20/44 clstr/passed 60.71% done 6637.19 cpu
..........32400 finished 9877 clusters 50518 passed 26/119 clstr/passed 60.85% done 6637.19 cpu
..........32500 finished 9907 clusters 50618 passed 30/100 clstr/passed 60.97% done 6637.2 cpu
..........32600 finished 9938 clusters 50715 passed 31/97 clstr/passed 61.09% done 6712 cpu
..........32700 finished 9968 clusters 50789 passed 30/74 clstr/passed 61.18% done 6712.01 cpu
..........32800 finished 9994 clusters 50859 passed 26/70 clstr/passed 61.26% done 6712.01 cpu
..........32900 finished 10023 clusters 50931 passed 29/72 clstr/passed 61.35% done 6712.01 cpu
..........33000 finished 10048 clusters 50984 passed 25/53 clstr/passed 61.41% done 6712.02 cpu
..........33100 finished 10074 clusters 51056 passed 26/72 clstr/passed 61.5% done 6712.03 cpu
..........33200 finished 10098 clusters 51115 passed 24/59 clstr/passed 61.57% done 6712.03 cpu
..........33300 finished 10123 clusters 51231 passed 25/116 clstr/passed 61.71% done 6714.69 cpu
..........33400 finished 10150 clusters 51311 passed 27/80 clstr/passed 61.81% done 6714.69 cpu
..........33500 finished 10170 clusters 51382 passed 20/71 clstr/passed 61.89% done 6714.69 cpu
..........33600 finished 10197 clusters 51446 passed 27/64 clstr/passed 61.97% done 6714.69 cpu
..........33700 finished 10226 clusters 51515 passed 29/69 clstr/passed 62.05% done 6714.69 cpu
..........33800 finished 10255 clusters 51594 passed 29/79 clstr/passed 62.15% done 6714.7 cpu
..........33900 finished 10278 clusters 51669 passed 23/75 clstr/passed 62.24% done 6784.93 cpu
..........34000 finished 10304 clusters 51740 passed 26/71 clstr/passed 62.32% done 6784.93 cpu
..........34100 finished 10333 clusters 51872 passed 29/132 clstr/passed 62.48% done 6784.94 cpu
..........34200 finished 10355 clusters 52046 passed 22/174 clstr/passed 62.69% done 6784.94 cpu
..........34300 finished 10389 clusters 52121 passed 34/75 clstr/passed 62.78% done 6784.95 cpu
..........34400 finished 10415 clusters 52192 passed 26/71 clstr/passed 62.87% done 6784.95 cpu
..........34500 finished 10444 clusters 52311 passed 29/119 clstr/passed 63.01% done 6784.96 cpu
..........34600 finished 10464 clusters 52354 passed 20/43 clstr/passed 63.06% done 6784.97 cpu
..........34700 finished 10488 clusters 52456 passed 24/102 clstr/passed 63.19% done 6784.97 cpu
..........34800 finished 10519 clusters 52554 passed 31/98 clstr/passed 63.3% done 6784.97 cpu
..........34900 finished 10542 clusters 52599 passed 23/45 clstr/passed 63.36% done 6784.98 cpu
..........35000 finished 10569 clusters 52697 passed 27/98 clstr/passed 63.48% done 6784.98 cpu
..........35100 finished 10596 clusters 52799 passed 27/102 clstr/passed 63.6% done 6784.99 cpu
..........35200 finished 10622 clusters 52861 passed 26/62 clstr/passed 63.67% done 6784.99 cpu
..........35300 finished 10647 clusters 52965 passed 25/104 clstr/passed 63.8% done 6848.32 cpu
..........35400 finished 10666 clusters 53009 passed 19/44 clstr/passed 63.85% done 6848.32 cpu
..........35500 finished 10694 clusters 53088 passed 28/79 clstr/passed 63.95% done 6848.33 cpu
..........35600 finished 10721 clusters 53170 passed 27/82 clstr/passed 64.05% done 6848.33 cpu
..........35700 finished 10747 clusters 53245 passed 26/75 clstr/passed 64.14% done 6848.33 cpu
..........35800 finished 10767 clusters 53308 passed 20/63 clstr/passed 64.21% done 6848.34 cpu
..........35900 finished 10793 clusters 53373 passed 26/65 clstr/passed 64.29% done 6848.34 cpu
..........36000 finished 10809 clusters 53410 passed 16/37 clstr/passed 64.34% done 6848.34 cpu
..........36100 finished 10833 clusters 53496 passed 24/86 clstr/passed 64.44% done 6848.35 cpu
..........36200 finished 10848 clusters 53580 passed 15/84 clstr/passed 64.54% done 6848.35 cpu
..........36300 finished 10870 clusters 53686 passed 22/106 clstr/passed 64.67% done 6848.36 cpu
..........36400 finished 10894 clusters 53749 passed 24/63 clstr/passed 64.74% done 6848.36 cpu
..........36500 finished 10914 clusters 53818 passed 20/69 clstr/passed 64.83% done 6848.36 cpu
..........36600 finished 10942 clusters 53900 passed 28/82 clstr/passed 64.93% done 6848.36 cpu
..........36700 finished 10969 clusters 53966 passed 27/66 clstr/passed 65% done 6848.36 cpu
..........36800 finished 10997 clusters 54043 passed 28/77 clstr/passed 65.1% done 6907.18 cpu
..........36900 finished 11017 clusters 54104 passed 20/61 clstr/passed 65.17% done 6907.18 cpu
..........37000 finished 11052 clusters 54161 passed 35/57 clstr/passed 65.24% done 6907.18 cpu
..........37100 finished 11082 clusters 54244 passed 30/83 clstr/passed 65.34% done 6907.18 cpu
..........37200 finished 11108 clusters 54295 passed 26/51 clstr/passed 65.4% done 6907.18 cpu
..........37300 finished 11137 clusters 54377 passed 29/82 clstr/passed 65.5% done 6907.18 cpu
..........37400 finished 11160 clusters 54440 passed 23/63 clstr/passed 65.58% done 6907.18 cpu
..........37500 finished 11186 clusters 54533 passed 26/93 clstr/passed 65.69% done 6907.19 cpu
..........37600 finished 11210 clusters 54618 passed 24/85 clstr/passed 65.79% done 6907.19 cpu
..........37700 finished 11236 clusters 54709 passed 26/91 clstr/passed 65.9% done 6907.19 cpu
..........37800 finished 11264 clusters 54775 passed 28/66 clstr/passed 65.98% done 6907.19 cpu
..........37900 finished 11283 clusters 54816 passed 19/41 clstr/passed 66.03% done 6907.2 cpu
..........38000 finished 11306 clusters 54861 passed 23/45 clstr/passed 66.08% done 6907.2 cpu
..........38100 finished 11335 clusters 54906 passed 29/45 clstr/passed 66.14% done 6907.2 cpu
..........38200 finished 11360 clusters 54947 passed 25/41 clstr/passed 66.19% done 6960.61 cpu
..........38300 finished 11379 clusters 54999 passed 19/52 clstr/passed 66.25% done 6960.61 cpu
..........38400 finished 11406 clusters 55055 passed 27/56 clstr/passed 66.32% done 6960.61 cpu
..........38500 finished 11436 clusters 55112 passed 30/57 clstr/passed 66.39% done 6960.61 cpu
..........38600 finished 11461 clusters 55203 passed 25/91 clstr/passed 66.5% done 6960.62 cpu
..........38700 finished 11493 clusters 55340 passed 32/137 clstr/passed 66.66% done 6960.62 cpu
..........38800 finished 11525 clusters 55460 passed 32/120 clstr/passed 66.8% done 6960.62 cpu
..........38900 finished 11552 clusters 55523 passed 27/63 clstr/passed 66.88% done 6960.63 cpu
..........39000 finished 11581 clusters 55584 passed 29/61 clstr/passed 66.95% done 6960.63 cpu
..........39100 finished 11607 clusters 55628 passed 26/44 clstr/passed 67.01% done 6960.63 cpu
..........39200 finished 11633 clusters 55693 passed 26/65 clstr/passed 67.09% done 6960.63 cpu
..........39300 finished 11670 clusters 55790 passed 37/97 clstr/passed 67.2% done 6960.63 cpu
..........39400 finished 11693 clusters 55850 passed 23/60 clstr/passed 67.27% done 6960.63 cpu
..........39500 finished 11727 clusters 55946 passed 34/96 clstr/passed 67.39% done 7017.15 cpu
..........39600 finished 11759 clusters 56028 passed 32/82 clstr/passed 67.49% done 7017.15 cpu
..........39700 finished 11787 clusters 56070 passed 28/42 clstr/passed 67.54% done 7017.16 cpu
..........39800 finished 11816 clusters 56193 passed 29/123 clstr/passed 67.69% done 7017.16 cpu
..........39900 finished 11843 clusters 56275 passed 27/82 clstr/passed 67.79% done 7017.16 cpu
..........40000 finished 11867 clusters 56363 passed 24/88 clstr/passed 67.89% done 7017.16 cpu
..........40100 finished 11889 clusters 56418 passed 22/55 clstr/passed 67.96% done 7017.78 cpu
..........40200 finished 11909 clusters 56471 passed 20/53 clstr/passed 68.02% done 7017.78 cpu
..........40300 finished 11946 clusters 56575 passed 37/104 clstr/passed 68.15% done 7017.78 cpu
..........40400 finished 11978 clusters 56684 passed 32/109 clstr/passed 68.28% done 7017.78 cpu
..........40500 finished 12008 clusters 56785 passed 30/101 clstr/passed 68.4% done 7017.79 cpu
..........40600 finished 12039 clusters 56870 passed 31/85 clstr/passed 68.5% done 7017.79 cpu
..........40700 finished 12067 clusters 56946 passed 28/76 clstr/passed 68.59% done 7080.59 cpu
..........40800 finished 12098 clusters 57003 passed 31/57 clstr/passed 68.66% done 7080.59 cpu
..........40900 finished 12122 clusters 57081 passed 24/78 clstr/passed 68.76% done 7080.6 cpu
..........41000 finished 12153 clusters 57128 passed 31/47 clstr/passed 68.81% done 7080.6 cpu
..........41100 finished 12180 clusters 57180 passed 27/52 clstr/passed 68.88% done 7080.6 cpu
..........41200 finished 12212 clusters 57259 passed 32/79 clstr/passed 68.97% done 7080.6 cpu
..........41300 finished 12248 clusters 57346 passed 36/87 clstr/passed 69.08% done 7080.6 cpu
..........41400 finished 12272 clusters 57440 passed 24/94 clstr/passed 69.19% done 7080.61 cpu
..........41500 finished 12303 clusters 57551 passed 31/111 clstr/passed 69.32% done 7080.61 cpu
..........41600 finished 12323 clusters 57580 passed 20/29 clstr/passed 69.36% done 7082.76 cpu
..........41700 finished 12348 clusters 57638 passed 25/58 clstr/passed 69.43% done 7082.77 cpu
..........41800 finished 12372 clusters 57707 passed 24/69 clstr/passed 69.51% done 7082.77 cpu
..........41900 finished 12406 clusters 57816 passed 34/109 clstr/passed 69.64% done 7082.78 cpu
..........42000 finished 12431 clusters 57922 passed 25/106 clstr/passed 69.77% done 7129.68 cpu
..........42100 finished 12461 clusters 58022 passed 30/100 clstr/passed 69.89% done 7129.68 cpu
..........42200 finished 12500 clusters 58117 passed 39/95 clstr/passed 70.01% done 7129.68 cpu
..........42300 finished 12524 clusters 58195 passed 24/78 clstr/passed 70.1% done 7129.69 cpu
..........42400 finished 12546 clusters 58255 passed 22/60 clstr/passed 70.17% done 7129.69 cpu
..........42500 finished 12572 clusters 58356 passed 26/101 clstr/passed 70.29% done 7129.7 cpu
..........42600 finished 12597 clusters 58432 passed 25/76 clstr/passed 70.38% done 7129.7 cpu
..........42700 finished 12613 clusters 58479 passed 16/47 clstr/passed 70.44% done 7129.71 cpu
..........42800 finished 12643 clusters 58553 passed 30/74 clstr/passed 70.53% done 7129.71 cpu
..........42900 finished 12669 clusters 58613 passed 26/60 clstr/passed 70.6% done 7129.71 cpu
..........43000 finished 12697 clusters 58665 passed 28/52 clstr/passed 70.67% done 7129.71 cpu
..........43100 finished 12728 clusters 58769 passed 31/104 clstr/passed 70.79% done 7129.72 cpu
..........43200 finished 12756 clusters 58874 passed 28/105 clstr/passed 70.92% done 7170.21 cpu
..........43300 finished 12784 clusters 58976 passed 28/102 clstr/passed 71.04% done 7170.21 cpu
..........43400 finished 12814 clusters 59086 passed 30/110 clstr/passed 71.17% done 7170.22 cpu
..........43500 finished 12845 clusters 59182 passed 31/96 clstr/passed 71.29% done 7170.22 cpu
..........43600 finished 12878 clusters 59283 passed 33/101 clstr/passed 71.41% done 7170.22 cpu
..........43700 finished 12918 clusters 59382 passed 40/99 clstr/passed 71.53% done 7170.22 cpu
..........43800 finished 12951 clusters 59447 passed 33/65 clstr/passed 71.61% done 7170.22 cpu
..........43900 finished 12981 clusters 59508 passed 30/61 clstr/passed 71.68% done 7170.22 cpu
..........44000 finished 13005 clusters 59568 passed 24/60 clstr/passed 71.75% done 7170.23 cpu
..........44100 finished 13030 clusters 59623 passed 25/55 clstr/passed 71.82% done 7170.23 cpu
..........44200 finished 13055 clusters 59703 passed 25/80 clstr/passed 71.92% done 7170.23 cpu
..........44300 finished 13084 clusters 59774 passed 29/71 clstr/passed 72% done 7170.23 cpu
..........44400 finished 13116 clusters 59854 passed 32/80 clstr/passed 72.1% done 7209.52 cpu
..........44500 finished 13144 clusters 59923 passed 28/69 clstr/passed 72.18% done 7209.53 cpu
..........44600 finished 13175 clusters 60007 passed 31/84 clstr/passed 72.28% done 7209.53 cpu
..........44700 finished 13203 clusters 60089 passed 28/82 clstr/passed 72.38% done 7209.53 cpu
..........44800 finished 13227 clusters 60147 passed 24/58 clstr/passed 72.45% done 7209.53 cpu
..........44900 finished 13258 clusters 60268 passed 31/121 clstr/passed 72.6% done 7209.53 cpu
..........45000 finished 13290 clusters 60328 passed 32/60 clstr/passed 72.67% done 7209.54 cpu
..........45100 finished 13314 clusters 60383 passed 24/55 clstr/passed 72.74% done 7209.54 cpu
..........45200 finished 13341 clusters 60453 passed 27/70 clstr/passed 72.82% done 7209.54 cpu
..........45300 finished 13381 clusters 60601 passed 40/148 clstr/passed 73% done 7209.54 cpu
..........45400 finished 13414 clusters 60694 passed 33/93 clstr/passed 73.11% done 7209.54 cpu
..........45500 finished 13444 clusters 60785 passed 30/91 clstr/passed 73.22% done 7209.54 cpu
..........45600 finished 13478 clusters 60861 passed 34/76 clstr/passed 73.31% done 7252.64 cpu
..........45700 finished 13507 clusters 60957 passed 29/96 clstr/passed 73.43% done 7252.64 cpu
..........45800 finished 13540 clusters 61012 passed 33/55 clstr/passed 73.49% done 7252.65 cpu
..........45900 finished 13559 clusters 61049 passed 19/37 clstr/passed 73.54% done 7252.65 cpu
..........46000 finished 13587 clusters 61112 passed 28/63 clstr/passed 73.61% done 7252.66 cpu
..........46100 finished 13617 clusters 61201 passed 30/89 clstr/passed 73.72% done 7252.66 cpu
..........46200 finished 13652 clusters 61308 passed 35/107 clstr/passed 73.85% done 7252.66 cpu
..........46300 finished 13682 clusters 61388 passed 30/80 clstr/passed 73.95% done 7252.66 cpu
..........46400 finished 13710 clusters 61454 passed 28/66 clstr/passed 74.03% done 7252.66 cpu
..........46500 finished 13739 clusters 61549 passed 29/95 clstr/passed 74.14% done 7252.67 cpu
..........46600 finished 13769 clusters 61635 passed 30/86 clstr/passed 74.24% done 7252.67 cpu
..........46700 finished 13800 clusters 61716 passed 31/81 clstr/passed 74.34% done 7252.67 cpu
..........46800 finished 13826 clusters 61776 passed 26/60 clstr/passed 74.41% done 7292.6 cpu
..........46900 finished 13846 clusters 61834 passed 20/58 clstr/passed 74.48% done 7292.6 cpu
..........47000 finished 13876 clusters 61895 passed 30/61 clstr/passed 74.56% done 7292.6 cpu
..........47100 finished 13908 clusters 61973 passed 32/78 clstr/passed 74.65% done 7292.62 cpu
..........47200 finished 13933 clusters 62050 passed 25/77 clstr/passed 74.74% done 7292.62 cpu
..........47300 finished 13962 clusters 62154 passed 29/104 clstr/passed 74.87% done 7292.63 cpu
..........47400 finished 13991 clusters 62214 passed 29/60 clstr/passed 74.94% done 7292.63 cpu
..........47500 finished 14015 clusters 62252 passed 24/38 clstr/passed 74.99% done 7292.63 cpu
..........47600 finished 14043 clusters 62299 passed 28/47 clstr/passed 75.04% done 7292.63 cpu
..........47700 finished 14067 clusters 62349 passed 24/50 clstr/passed 75.1% done 7292.63 cpu
..........47800 finished 14100 clusters 62451 passed 33/102 clstr/passed 75.23% done 7292.64 cpu
..........47900 finished 14132 clusters 62513 passed 32/62 clstr/passed 75.3% done 7292.64 cpu
..........48000 finished 14167 clusters 62579 passed 35/66 clstr/passed 75.38% done 7292.64 cpu
..........48100 finished 14194 clusters 62633 passed 27/54 clstr/passed 75.45% done 7328.59 cpu
..........48200 finished 14224 clusters 62695 passed 30/62 clstr/passed 75.52% done 7328.6 cpu
..........48300 finished 14253 clusters 62777 passed 29/82 clstr/passed 75.62% done 7328.61 cpu
..........48400 finished 14284 clusters 62859 passed 31/82 clstr/passed 75.72% done 7328.61 cpu
..........48500 finished 14307 clusters 62903 passed 23/44 clstr/passed 75.77% done 7328.61 cpu
..........48600 finished 14338 clusters 63009 passed 31/106 clstr/passed 75.9% done 7328.61 cpu
..........48700 finished 14370 clusters 63072 passed 32/63 clstr/passed 75.97% done 7328.62 cpu
..........48800 finished 14391 clusters 63109 passed 21/37 clstr/passed 76.02% done 7328.62 cpu
..........48900 finished 14418 clusters 63173 passed 27/64 clstr/passed 76.1% done 7328.62 cpu
..........49000 finished 14445 clusters 63239 passed 27/66 clstr/passed 76.18% done 7328.62 cpu
..........49100 finished 14469 clusters 63316 passed 24/77 clstr/passed 76.27% done 7328.62 cpu
..........49200 finished 14505 clusters 63390 passed 36/74 clstr/passed 76.36% done 7328.63 cpu
..........49300 finished 14533 clusters 63477 passed 28/87 clstr/passed 76.46% done 7328.63 cpu
..........49400 finished 14559 clusters 63529 passed 26/52 clstr/passed 76.52% done 7374.75 cpu
..........49500 finished 14596 clusters 63616 passed 37/87 clstr/passed 76.63% done 7374.76 cpu
..........49600 finished 14622 clusters 63668 passed 26/52 clstr/passed 76.69% done 7374.76 cpu
..........49700 finished 14654 clusters 63747 passed 32/79 clstr/passed 76.79% done 7374.76 cpu
..........49800 finished 14688 clusters 63823 passed 34/76 clstr/passed 76.88% done 7374.77 cpu
..........49900 finished 14714 clusters 63890 passed 26/67 clstr/passed 76.96% done 7376.47 cpu
..........50000 finished 14741 clusters 63943 passed 27/53 clstr/passed 77.02% done 7376.47 cpu
..........50100 finished 14768 clusters 64067 passed 27/124 clstr/passed 77.17% done 7376.47 cpu
..........50200 finished 14792 clusters 64150 passed 24/83 clstr/passed 77.27% done 7376.48 cpu
..........50300 finished 14823 clusters 64239 passed 31/89 clstr/passed 77.38% done 7376.49 cpu
..........50400 finished 14849 clusters 64300 passed 26/61 clstr/passed 77.45% done 7376.49 cpu
..........50500 finished 14875 clusters 64353 passed 26/53 clstr/passed 77.52% done 7376.5 cpu
..........50600 finished 14909 clusters 64408 passed 34/55 clstr/passed 77.58% done 7405.45 cpu
..........50700 finished 14942 clusters 64485 passed 33/77 clstr/passed 77.68% done 7405.46 cpu
..........50800 finished 14973 clusters 64535 passed 31/50 clstr/passed 77.74% done 7405.47 cpu
..........50900 finished 15000 clusters 64575 passed 27/40 clstr/passed 77.78% done 7405.47 cpu
..........51000 finished 15022 clusters 64613 passed 22/38 clstr/passed 77.83% done 7405.48 cpu
..........51100 finished 15048 clusters 64654 passed 26/41 clstr/passed 77.88% done 7405.48 cpu
..........51200 finished 15084 clusters 64743 passed 36/89 clstr/passed 77.99% done 7405.48 cpu
..........51300 finished 15115 clusters 64805 passed 31/62 clstr/passed 78.06% done 7405.48 cpu
..........51400 finished 15145 clusters 64878 passed 30/73 clstr/passed 78.15% done 7405.48 cpu
..........51500 finished 15161 clusters 64909 passed 16/31 clstr/passed 78.19% done 7405.49 cpu
..........51600 finished 15188 clusters 64984 passed 27/75 clstr/passed 78.28% done 7405.49 cpu
..........51700 finished 15223 clusters 65081 passed 35/97 clstr/passed 78.39% done 7405.49 cpu
..........51800 finished 15243 clusters 65122 passed 20/41 clstr/passed 78.44% done 7405.5 cpu
..........51900 finished 15273 clusters 65198 passed 30/76 clstr/passed 78.54% done 7430.95 cpu
..........52000 finished 15308 clusters 65257 passed 35/59 clstr/passed 78.61% done 7430.96 cpu
..........52100 finished 15339 clusters 65333 passed 31/76 clstr/passed 78.7% done 7430.96 cpu
..........52200 finished 15363 clusters 65410 passed 24/77 clstr/passed 78.79% done 7430.96 cpu
..........52300 finished 15392 clusters 65465 passed 29/55 clstr/passed 78.86% done 7430.96 cpu
..........52400 finished 15421 clusters 65510 passed 29/45 clstr/passed 78.91% done 7430.96 cpu
..........52500 finished 15452 clusters 65584 passed 31/74 clstr/passed 79% done 7430.97 cpu
..........52600 finished 15479 clusters 65643 passed 27/59 clstr/passed 79.07% done 7430.97 cpu
..........52700 finished 15503 clusters 65715 passed 24/72 clstr/passed 79.16% done 7430.98 cpu
..........52800 finished 15530 clusters 65801 passed 27/86 clstr/passed 79.26% done 7430.98 cpu
..........52900 finished 15555 clusters 65868 passed 25/67 clstr/passed 79.34% done 7430.98 cpu
..........53000 finished 15579 clusters 65911 passed 24/43 clstr/passed 79.39% done 7430.99 cpu
..........53100 finished 15607 clusters 65984 passed 28/73 clstr/passed 79.48% done 7430.99 cpu
..........53200 finished 15639 clusters 66095 passed 32/111 clstr/passed 79.62% done 7456.15 cpu
..........53300 finished 15667 clusters 66181 passed 28/86 clstr/passed 79.72% done 7456.15 cpu
..........53400 finished 15692 clusters 66224 passed 25/43 clstr/passed 79.77% done 7456.15 cpu
..........53500 finished 15709 clusters 66274 passed 17/50 clstr/passed 79.83% done 7456.15 cpu
..........53600 finished 15738 clusters 66342 passed 29/68 clstr/passed 79.91% done 7456.15 cpu
..........53700 finished 15761 clusters 66387 passed 23/45 clstr/passed 79.97% done 7456.16 cpu
..........53800 finished 15790 clusters 66475 passed 29/88 clstr/passed 80.07% done 7456.16 cpu
..........53900 finished 15813 clusters 66510 passed 23/35 clstr/passed 80.12% done 7456.16 cpu
..........54000 finished 15839 clusters 66575 passed 26/65 clstr/passed 80.19% done 7456.16 cpu
..........54100 finished 15867 clusters 66630 passed 28/55 clstr/passed 80.26% done 7456.16 cpu
..........54200 finished 15895 clusters 66717 passed 28/87 clstr/passed 80.37% done 7456.17 cpu
..........54300 finished 15926 clusters 66821 passed 31/104 clstr/passed 80.49% done 7456.17 cpu
..........54400 finished 15953 clusters 66911 passed 27/90 clstr/passed 80.6% done 7456.17 cpu
..........54500 finished 15978 clusters 66972 passed 25/61 clstr/passed 80.67% done 7456.17 cpu
..........54600 finished 16000 clusters 67022 passed 22/50 clstr/passed 80.73% done 7482.15 cpu
..........54700 finished 16027 clusters 67081 passed 27/59 clstr/passed 80.8% done 7482.15 cpu
..........54800 finished 16058 clusters 67145 passed 31/64 clstr/passed 80.88% done 7482.15 cpu
..........54900 finished 16086 clusters 67200 passed 28/55 clstr/passed 80.95% done 7482.15 cpu
..........55000 finished 16108 clusters 67236 passed 22/36 clstr/passed 80.99% done 7482.16 cpu
..........55100 finished 16128 clusters 67296 passed 20/60 clstr/passed 81.06% done 7482.16 cpu
..........55200 finished 16159 clusters 67352 passed 31/56 clstr/passed 81.13% done 7482.16 cpu
..........55300 finished 16191 clusters 67435 passed 32/83 clstr/passed 81.23% done 7482.16 cpu
..........55400 finished 16217 clusters 67510 passed 26/75 clstr/passed 81.32% done 7482.17 cpu
..........55500 finished 16241 clusters 67550 passed 24/40 clstr/passed 81.37% done 7482.17 cpu
..........55600 finished 16268 clusters 67607 passed 27/57 clstr/passed 81.44% done 7482.17 cpu
..........55700 finished 16291 clusters 67650 passed 23/43 clstr/passed 81.49% done 7482.17 cpu
..........55800 finished 16325 clusters 67785 passed 34/135 clstr/passed 81.65% done 7482.17 cpu
..........55900 finished 16351 clusters 67830 passed 26/45 clstr/passed 81.71% done 7482.17 cpu
..........56000 finished 16377 clusters 67889 passed 26/59 clstr/passed 81.78% done 7508.18 cpu
..........56100 finished 16410 clusters 67959 passed 33/70 clstr/passed 81.86% done 7508.18 cpu
..........56200 finished 16432 clusters 68001 passed 22/42 clstr/passed 81.91% done 7508.18 cpu
..........56300 finished 16460 clusters 68077 passed 28/76 clstr/passed 82% done 7508.18 cpu
..........56400 finished 16489 clusters 68146 passed 29/69 clstr/passed 82.09% done 7508.19 cpu
..........56500 finished 16522 clusters 68195 passed 33/49 clstr/passed 82.15% done 7508.19 cpu
..........56600 finished 16552 clusters 68296 passed 30/101 clstr/passed 82.27% done 7508.19 cpu
..........56700 finished 16578 clusters 68393 passed 26/97 clstr/passed 82.38% done 7508.19 cpu
..........56800 finished 16607 clusters 68473 passed 29/80 clstr/passed 82.48% done 7508.19 cpu
..........56900 finished 16639 clusters 68555 passed 32/82 clstr/passed 82.58% done 7508.2 cpu
..........57000 finished 16674 clusters 68607 passed 35/52 clstr/passed 82.64% done 7508.2 cpu
..........57100 finished 16700 clusters 68680 passed 26/73 clstr/passed 82.73% done 7508.2 cpu
..........57200 finished 16726 clusters 68736 passed 26/56 clstr/passed 82.8% done 7533.69 cpu
..........57300 finished 16756 clusters 68784 passed 30/48 clstr/passed 82.86% done 7533.69 cpu
..........57400 finished 16790 clusters 68859 passed 34/75 clstr/passed 82.95% done 7533.69 cpu
..........57500 finished 16815 clusters 68912 passed 25/53 clstr/passed 83.01% done 7533.69 cpu
..........57600 finished 16846 clusters 68998 passed 31/86 clstr/passed 83.11% done 7533.69 cpu
..........57700 finished 16873 clusters 69082 passed 27/84 clstr/passed 83.21% done 7533.7 cpu
..........57800 finished 16892 clusters 69139 passed 19/57 clstr/passed 83.28% done 7533.7 cpu
..........57900 finished 16926 clusters 69255 passed 34/116 clstr/passed 83.42% done 7533.71 cpu
..........58000 finished 16954 clusters 69339 passed 28/84 clstr/passed 83.52% done 7533.71 cpu
..........58100 finished 16982 clusters 69422 passed 28/83 clstr/passed 83.62% done 7533.71 cpu
..........58200 finished 17010 clusters 69480 passed 28/58 clstr/passed 83.69% done 7534.97 cpu
..........58300 finished 17040 clusters 69533 passed 30/53 clstr/passed 83.76% done 7534.97 cpu
..........58400 finished 17065 clusters 69574 passed 25/41 clstr/passed 83.81% done 7534.97 cpu
..........58500 finished 17090 clusters 69625 passed 25/51 clstr/passed 83.87% done 7554.89 cpu
..........58600 finished 17115 clusters 69682 passed 25/57 clstr/passed 83.94% done 7554.89 cpu
..........58700 finished 17150 clusters 69745 passed 35/63 clstr/passed 84.01% done 7554.89 cpu
..........58800 finished 17185 clusters 69838 passed 35/93 clstr/passed 84.13% done 7554.9 cpu
..........58900 finished 17214 clusters 69892 passed 29/54 clstr/passed 84.19% done 7554.9 cpu
..........59000 finished 17249 clusters 69986 passed 35/94 clstr/passed 84.3% done 7554.9 cpu
..........59100 finished 17275 clusters 70040 passed 26/54 clstr/passed 84.37% done 7554.9 cpu
..........59200 finished 17305 clusters 70130 passed 30/90 clstr/passed 84.48% done 7554.91 cpu
..........59300 finished 17341 clusters 70194 passed 36/64 clstr/passed 84.55% done 7554.91 cpu
..........59400 finished 17370 clusters 70304 passed 29/110 clstr/passed 84.69% done 7554.92 cpu
..........59500 finished 17400 clusters 70392 passed 30/88 clstr/passed 84.79% done 7554.92 cpu
..........59600 finished 17425 clusters 70449 passed 25/57 clstr/passed 84.86% done 7554.92 cpu
..........59700 finished 17458 clusters 70499 passed 33/50 clstr/passed 84.92% done 7570.58 cpu
..........59800 finished 17485 clusters 70544 passed 27/45 clstr/passed 84.98% done 7570.58 cpu
..........59900 finished 17515 clusters 70628 passed 30/84 clstr/passed 85.08% done 7570.59 cpu
..........60000 finished 17545 clusters 70712 passed 30/84 clstr/passed 85.18% done 7570.59 cpu
..........60100 finished 17571 clusters 70750 passed 26/38 clstr/passed 85.22% done 7571.26 cpu
..........60200 finished 17595 clusters 70824 passed 24/74 clstr/passed 85.31% done 7571.26 cpu
..........60300 finished 17624 clusters 70872 passed 29/48 clstr/passed 85.37% done 7571.26 cpu
..........60400 finished 17650 clusters 70923 passed 26/51 clstr/passed 85.43% done 7571.26 cpu
..........60500 finished 17673 clusters 70978 passed 23/55 clstr/passed 85.5% done 7571.26 cpu
..........60600 finished 17705 clusters 71050 passed 32/72 clstr/passed 85.59% done 7571.26 cpu
..........60700 finished 17735 clusters 71106 passed 30/56 clstr/passed 85.65% done 7571.26 cpu
..........60800 finished 17769 clusters 71199 passed 34/93 clstr/passed 85.76% done 7571.26 cpu
..........60900 finished 17794 clusters 71242 passed 25/43 clstr/passed 85.82% done 7589.35 cpu
..........61000 finished 17823 clusters 71309 passed 29/67 clstr/passed 85.9% done 7589.36 cpu
..........61100 finished 17846 clusters 71352 passed 23/43 clstr/passed 85.95% done 7589.36 cpu
..........61200 finished 17873 clusters 71416 passed 27/64 clstr/passed 86.03% done 7589.37 cpu
..........61300 finished 17898 clusters 71477 passed 25/61 clstr/passed 86.1% done 7589.37 cpu
..........61400 finished 17925 clusters 71536 passed 27/59 clstr/passed 86.17% done 7589.37 cpu
..........61500 finished 17951 clusters 71589 passed 26/53 clstr/passed 86.23% done 7589.37 cpu
..........61600 finished 17978 clusters 71679 passed 27/90 clstr/passed 86.34% done 7589.37 cpu
..........61700 finished 18007 clusters 71741 passed 29/62 clstr/passed 86.42% done 7589.37 cpu
..........61800 finished 18030 clusters 71789 passed 23/48 clstr/passed 86.48% done 7589.37 cpu
..........61900 finished 18059 clusters 71837 passed 29/48 clstr/passed 86.53% done 7589.37 cpu
..........62000 finished 18085 clusters 71885 passed 26/48 clstr/passed 86.59% done 7589.37 cpu
..........62100 finished 18115 clusters 71952 passed 30/67 clstr/passed 86.67% done 7589.38 cpu
..........62200 finished 18148 clusters 72013 passed 33/61 clstr/passed 86.75% done 7589.38 cpu
..........62300 finished 18170 clusters 72061 passed 22/48 clstr/passed 86.8% done 7604.38 cpu
..........62400 finished 18200 clusters 72118 passed 30/57 clstr/passed 86.87% done 7604.38 cpu
..........62500 finished 18224 clusters 72170 passed 24/52 clstr/passed 86.93% done 7604.38 cpu
..........62600 finished 18251 clusters 72239 passed 27/69 clstr/passed 87.02% done 7604.39 cpu
..........62700 finished 18279 clusters 72288 passed 28/49 clstr/passed 87.08% done 7604.39 cpu
..........62800 finished 18309 clusters 72372 passed 30/84 clstr/passed 87.18% done 7604.39 cpu
..........62900 finished 18345 clusters 72457 passed 36/85 clstr/passed 87.28% done 7604.39 cpu
..........63000 finished 18370 clusters 72499 passed 25/42 clstr/passed 87.33% done 7604.39 cpu
..........63100 finished 18396 clusters 72576 passed 26/77 clstr/passed 87.42% done 7604.39 cpu
..........63200 finished 18435 clusters 72667 passed 39/91 clstr/passed 87.53% done 7604.39 cpu
..........63300 finished 18471 clusters 72730 passed 36/63 clstr/passed 87.61% done 7604.39 cpu
..........63400 finished 18497 clusters 72797 passed 26/67 clstr/passed 87.69% done 7604.4 cpu
..........63500 finished 18523 clusters 72840 passed 26/43 clstr/passed 87.74% done 7618.95 cpu
..........63600 finished 18543 clusters 72890 passed 20/50 clstr/passed 87.8% done 7618.95 cpu
..........63700 finished 18567 clusters 72928 passed 24/38 clstr/passed 87.85% done 7618.95 cpu
..........63800 finished 18593 clusters 72976 passed 26/48 clstr/passed 87.91% done 7618.95 cpu
..........63900 finished 18620 clusters 73019 passed 27/43 clstr/passed 87.96% done 7618.96 cpu
..........64000 finished 18646 clusters 73075 passed 26/56 clstr/passed 88.02% done 7618.96 cpu
..........64100 finished 18676 clusters 73138 passed 30/63 clstr/passed 88.1% done 7618.96 cpu
..........64200 finished 18704 clusters 73192 passed 28/54 clstr/passed 88.17% done 7618.96 cpu
..........64300 finished 18731 clusters 73243 passed 27/51 clstr/passed 88.23% done 7618.96 cpu
..........64400 finished 18759 clusters 73302 passed 28/59 clstr/passed 88.3% done 7618.96 cpu
..........64500 finished 18795 clusters 73370 passed 36/68 clstr/passed 88.38% done 7618.96 cpu
..........64600 finished 18821 clusters 73429 passed 26/59 clstr/passed 88.45% done 7618.97 cpu
..........64700 finished 18850 clusters 73476 passed 29/47 clstr/passed 88.51% done 7618.97 cpu
..........64800 finished 18878 clusters 73516 passed 28/40 clstr/passed 88.56% done 7618.97 cpu
..........64900 finished 18904 clusters 73555 passed 26/39 clstr/passed 88.6% done 7636.58 cpu
..........65000 finished 18923 clusters 73589 passed 19/34 clstr/passed 88.64% done 7636.58 cpu
..........65100 finished 18954 clusters 73654 passed 31/65 clstr/passed 88.72% done 7636.58 cpu
..........65200 finished 18984 clusters 73721 passed 30/67 clstr/passed 88.8% done 7637.44 cpu
..........65300 finished 19010 clusters 73765 passed 26/44 clstr/passed 88.86% done 7637.45 cpu
..........65400 finished 19038 clusters 73839 passed 28/74 clstr/passed 88.94% done 7637.45 cpu
..........65500 finished 19064 clusters 73875 passed 26/36 clstr/passed 88.99% done 7637.45 cpu
..........65600 finished 19089 clusters 73944 passed 25/69 clstr/passed 89.07% done 7637.45 cpu
..........65700 finished 19117 clusters 74003 passed 28/59 clstr/passed 89.14% done 7637.46 cpu
..........65800 finished 19149 clusters 74055 passed 32/52 clstr/passed 89.2% done 7637.46 cpu
..........65900 finished 19177 clusters 74108 passed 28/53 clstr/passed 89.27% done 7637.46 cpu
..........66000 finished 19208 clusters 74155 passed 31/47 clstr/passed 89.33% done 7637.46 cpu
..........66100 finished 19242 clusters 74263 passed 34/108 clstr/passed 89.46% done 7637.47 cpu
..........66200 finished 19272 clusters 74311 passed 30/48 clstr/passed 89.51% done 7649.65 cpu
..........66300 finished 19305 clusters 74384 passed 33/73 clstr/passed 89.6% done 7649.66 cpu
..........66400 finished 19331 clusters 74433 passed 26/49 clstr/passed 89.66% done 7649.66 cpu
..........66500 finished 19362 clusters 74509 passed 31/76 clstr/passed 89.75% done 7650.49 cpu
..........66600 finished 19391 clusters 74573 passed 29/64 clstr/passed 89.83% done 7650.5 cpu
..........66700 finished 19414 clusters 74608 passed 23/35 clstr/passed 89.87% done 7650.5 cpu
..........66800 finished 19437 clusters 74667 passed 23/59 clstr/passed 89.94% done 7650.5 cpu
..........66900 finished 19466 clusters 74727 passed 29/60 clstr/passed 90.01% done 7650.5 cpu
..........67000 finished 19505 clusters 74800 passed 39/73 clstr/passed 90.1% done 7650.5 cpu
..........67100 finished 19541 clusters 74882 passed 36/82 clstr/passed 90.2% done 7650.5 cpu
..........67200 finished 19567 clusters 74921 passed 26/39 clstr/passed 90.25% done 7650.51 cpu
..........67300 finished 19590 clusters 74963 passed 23/42 clstr/passed 90.3% done 7650.51 cpu
..........67400 finished 19616 clusters 75030 passed 26/67 clstr/passed 90.38% done 7661.69 cpu
..........67500 finished 19650 clusters 75093 passed 34/63 clstr/passed 90.46% done 7661.69 cpu
..........67600 finished 19679 clusters 75173 passed 29/80 clstr/passed 90.55% done 7661.69 cpu
..........67700 finished 19699 clusters 75209 passed 20/36 clstr/passed 90.6% done 7661.69 cpu
..........67800 finished 19730 clusters 75268 passed 31/59 clstr/passed 90.67% done 7661.69 cpu
..........67900 finished 19764 clusters 75352 passed 34/84 clstr/passed 90.77% done 7661.69 cpu
..........68000 finished 19797 clusters 75409 passed 33/57 clstr/passed 90.84% done 7661.69 cpu
..........68100 finished 19820 clusters 75452 passed 23/43 clstr/passed 90.89% done 7661.69 cpu
..........68200 finished 19844 clusters 75485 passed 24/33 clstr/passed 90.93% done 7661.69 cpu
..........68300 finished 19890 clusters 75570 passed 46/85 clstr/passed 91.03% done 7661.7 cpu
..........68400 finished 19919 clusters 75628 passed 29/58 clstr/passed 91.1% done 7661.7 cpu
..........68500 finished 19945 clusters 75668 passed 26/40 clstr/passed 91.15% done 7661.7 cpu
..........68600 finished 19970 clusters 75709 passed 25/41 clstr/passed 91.2% done 7671.78 cpu
..........68700 finished 20007 clusters 75805 passed 37/96 clstr/passed 91.31% done 7671.78 cpu
..........68800 finished 20036 clusters 75856 passed 29/51 clstr/passed 91.37% done 7671.79 cpu
..........68900 finished 20065 clusters 75934 passed 29/78 clstr/passed 91.47% done 7671.79 cpu
..........69000 finished 20096 clusters 75981 passed 31/47 clstr/passed 91.53% done 7671.79 cpu
..........69100 finished 20125 clusters 76028 passed 29/47 clstr/passed 91.58% done 7671.79 cpu
..........69200 finished 20149 clusters 76077 passed 24/49 clstr/passed 91.64% done 7671.79 cpu
..........69300 finished 20176 clusters 76156 passed 27/79 clstr/passed 91.74% done 7671.79 cpu
..........69400 finished 20204 clusters 76208 passed 28/52 clstr/passed 91.8% done 7671.8 cpu
..........69500 finished 20236 clusters 76292 passed 32/84 clstr/passed 91.9% done 7671.8 cpu
..........69600 finished 20271 clusters 76341 passed 35/49 clstr/passed 91.96% done 7671.8 cpu
..........69700 finished 20299 clusters 76384 passed 28/43 clstr/passed 92.01% done 7671.8 cpu
..........69800 finished 20327 clusters 76438 passed 28/54 clstr/passed 92.08% done 7685.61 cpu
..........69900 finished 20352 clusters 76503 passed 25/65 clstr/passed 92.15% done 7685.61 cpu
..........70000 finished 20388 clusters 76560 passed 36/57 clstr/passed 92.22% done 7685.61 cpu
..........70100 finished 20417 clusters 76634 passed 29/74 clstr/passed 92.31% done 7685.61 cpu
..........70200 finished 20444 clusters 76682 passed 27/48 clstr/passed 92.37% done 7685.61 cpu
..........70300 finished 20475 clusters 76732 passed 31/50 clstr/passed 92.43% done 7685.61 cpu
..........70400 finished 20507 clusters 76793 passed 32/61 clstr/passed 92.5% done 7685.62 cpu
..........70500 finished 20530 clusters 76832 passed 23/39 clstr/passed 92.55% done 7685.62 cpu
..........70600 finished 20559 clusters 76896 passed 29/64 clstr/passed 92.63% done 7685.62 cpu
..........70700 finished 20582 clusters 76936 passed 23/40 clstr/passed 92.68% done 7685.62 cpu
..........70800 finished 20610 clusters 76983 passed 28/47 clstr/passed 92.73% done 7685.62 cpu
..........70900 finished 20639 clusters 77046 passed 29/63 clstr/passed 92.81% done 7685.62 cpu
..........71000 finished 20672 clusters 77096 passed 33/50 clstr/passed 92.87% done 7685.62 cpu
..........71100 finished 20701 clusters 77150 passed 29/54 clstr/passed 92.93% done 7697.21 cpu
..........71200 finished 20725 clusters 77187 passed 24/37 clstr/passed 92.98% done 7697.8 cpu
..........71300 finished 20756 clusters 77255 passed 31/68 clstr/passed 93.06% done 7697.8 cpu
..........71400 finished 20788 clusters 77336 passed 32/81 clstr/passed 93.16% done 7697.81 cpu
..........71500 finished 20810 clusters 77396 passed 22/60 clstr/passed 93.23% done 7697.81 cpu
..........71600 finished 20845 clusters 77502 passed 35/106 clstr/passed 93.36% done 7697.81 cpu
..........71700 finished 20876 clusters 77553 passed 31/51 clstr/passed 93.42% done 7697.82 cpu
..........71800 finished 20902 clusters 77605 passed 26/52 clstr/passed 93.48% done 7697.82 cpu
..........71900 finished 20934 clusters 77663 passed 32/58 clstr/passed 93.55% done 7697.83 cpu
..........72000 finished 20963 clusters 77730 passed 29/67 clstr/passed 93.63% done 7697.83 cpu
..........72100 finished 20986 clusters 77765 passed 23/35 clstr/passed 93.67% done 7697.83 cpu
..........72200 finished 21014 clusters 77811 passed 28/46 clstr/passed 93.73% done 7697.83 cpu
..........72300 finished 21035 clusters 77844 passed 21/33 clstr/passed 93.77% done 7705.41 cpu
..........72400 finished 21062 clusters 77887 passed 27/43 clstr/passed 93.82% done 7705.41 cpu
..........72500 finished 21088 clusters 77928 passed 26/41 clstr/passed 93.87% done 7705.41 cpu
..........72600 finished 21117 clusters 77999 passed 29/71 clstr/passed 93.96% done 7705.42 cpu
..........72700 finished 21142 clusters 78035 passed 25/36 clstr/passed 94% done 7705.42 cpu
..........72800 finished 21168 clusters 78080 passed 26/45 clstr/passed 94.05% done 7705.42 cpu
..........72900 finished 21190 clusters 78123 passed 22/43 clstr/passed 94.11% done 7705.42 cpu
..........73000 finished 21220 clusters 78186 passed 30/63 clstr/passed 94.18% done 7705.43 cpu
..........73100 finished 21247 clusters 78256 passed 27/70 clstr/passed 94.27% done 7705.43 cpu
..........73200 finished 21278 clusters 78300 passed 31/44 clstr/passed 94.32% done 7705.43 cpu
..........73300 finished 21308 clusters 78371 passed 30/71 clstr/passed 94.4% done 7705.43 cpu
..........73400 finished 21339 clusters 78429 passed 31/58 clstr/passed 94.47% done 7705.43 cpu
..........73500 finished 21365 clusters 78488 passed 26/59 clstr/passed 94.55% done 7705.43 cpu
..........73600 finished 21394 clusters 78541 passed 29/53 clstr/passed 94.61% done 7715.07 cpu
..........73700 finished 21425 clusters 78595 passed 31/54 clstr/passed 94.67% done 7715.07 cpu
..........73800 finished 21447 clusters 78628 passed 22/33 clstr/passed 94.71% done 7715.07 cpu
..........73900 finished 21471 clusters 78674 passed 24/46 clstr/passed 94.77% done 7715.07 cpu
..........74000 finished 21499 clusters 78713 passed 28/39 clstr/passed 94.82% done 7715.07 cpu
..........74100 finished 21527 clusters 78758 passed 28/45 clstr/passed 94.87% done 7715.07 cpu
..........74200 finished 21551 clusters 78799 passed 24/41 clstr/passed 94.92% done 7715.08 cpu
..........74300 finished 21580 clusters 78839 passed 29/40 clstr/passed 94.97% done 7715.08 cpu
..........74400 finished 21607 clusters 78887 passed 27/48 clstr/passed 95.03% done 7715.08 cpu
..........74500 finished 21632 clusters 78925 passed 25/38 clstr/passed 95.07% done 7715.08 cpu
..........74600 finished 21659 clusters 78959 passed 27/34 clstr/passed 95.11% done 7715.08 cpu
..........74700 finished 21684 clusters 79008 passed 25/49 clstr/passed 95.17% done 7715.09 cpu
..........74800 finished 21706 clusters 79038 passed 22/30 clstr/passed 95.21% done 7715.53 cpu
..........74900 finished 21741 clusters 79108 passed 35/70 clstr/passed 95.29% done 7715.54 cpu
..........75000 finished 21761 clusters 79164 passed 20/56 clstr/passed 95.36% done 7721.42 cpu
..........75100 finished 21784 clusters 79192 passed 23/28 clstr/passed 95.39% done 7721.42 cpu
..........75200 finished 21806 clusters 79222 passed 22/30 clstr/passed 95.43% done 7721.43 cpu
..........75300 finished 21829 clusters 79277 passed 23/55 clstr/passed 95.5% done 7721.43 cpu
..........75400 finished 21857 clusters 79313 passed 28/36 clstr/passed 95.54% done 7721.43 cpu
..........75500 finished 21888 clusters 79361 passed 31/48 clstr/passed 95.6% done 7721.43 cpu
..........75600 finished 21919 clusters 79407 passed 31/46 clstr/passed 95.65% done 7721.43 cpu
..........75700 finished 21945 clusters 79443 passed 26/36 clstr/passed 95.7% done 7721.43 cpu
..........75800 finished 21974 clusters 79486 passed 29/43 clstr/passed 95.75% done 7721.43 cpu
..........75900 finished 22001 clusters 79538 passed 27/52 clstr/passed 95.81% done 7721.44 cpu
..........76000 finished 22030 clusters 79598 passed 29/60 clstr/passed 95.88% done 7721.44 cpu
..........76100 finished 22059 clusters 79656 passed 29/58 clstr/passed 95.95% done 7721.44 cpu
..........76200 finished 22089 clusters 79734 passed 30/78 clstr/passed 96.05% done 7721.44 cpu
..........76300 finished 22117 clusters 79775 passed 28/41 clstr/passed 96.1% done 7727.86 cpu
..........76400 finished 22147 clusters 79841 passed 30/66 clstr/passed 96.18% done 7727.86 cpu
..........76500 finished 22178 clusters 79895 passed 31/54 clstr/passed 96.24% done 7727.87 cpu
..........76600 finished 22218 clusters 79965 passed 40/70 clstr/passed 96.32% done 7727.87 cpu
..........76700 finished 22245 clusters 80004 passed 27/39 clstr/passed 96.37% done 7727.87 cpu
..........76800 finished 22282 clusters 80059 passed 37/55 clstr/passed 96.44% done 7727.87 cpu
..........76900 finished 22317 clusters 80108 passed 35/49 clstr/passed 96.5% done 7727.87 cpu
..........77000 finished 22350 clusters 80163 passed 33/55 clstr/passed 96.56% done 7727.88 cpu
..........77100 finished 22386 clusters 80208 passed 36/45 clstr/passed 96.62% done 7727.88 cpu
..........77200 finished 22413 clusters 80262 passed 27/54 clstr/passed 96.68% done 7728.2 cpu
..........77300 finished 22444 clusters 80317 passed 31/55 clstr/passed 96.75% done 7728.21 cpu
..........77400 finished 22475 clusters 80375 passed 31/58 clstr/passed 96.82% done 7733.46 cpu
..........77500 finished 22494 clusters 80406 passed 19/31 clstr/passed 96.86% done 7733.46 cpu
..........77600 finished 22520 clusters 80447 passed 26/41 clstr/passed 96.91% done 7733.46 cpu
..........77700 finished 22551 clusters 80501 passed 31/54 clstr/passed 96.97% done 7733.47 cpu
..........77800 finished 22582 clusters 80541 passed 31/40 clstr/passed 97.02% done 7733.47 cpu
..........77900 finished 22613 clusters 80590 passed 31/49 clstr/passed 97.08% done 7733.48 cpu
..........78000 finished 22634 clusters 80622 passed 21/32 clstr/passed 97.12% done 7733.48 cpu
..........78100 finished 22665 clusters 80687 passed 31/65 clstr/passed 97.19% done 7733.48 cpu
..........78200 finished 22694 clusters 80734 passed 29/47 clstr/passed 97.25% done 7733.48 cpu
..........78300 finished 22722 clusters 80775 passed 28/41 clstr/passed 97.3% done 7733.48 cpu
..........78400 finished 22749 clusters 80815 passed 27/40 clstr/passed 97.35% done 7733.48 cpu
..........78500 finished 22780 clusters 80852 passed 31/37 clstr/passed 97.39% done 7733.48 cpu
..........78600 finished 22814 clusters 80909 passed 34/57 clstr/passed 97.46% done 7737.32 cpu
..........78700 finished 22844 clusters 80954 passed 30/45 clstr/passed 97.52% done 7737.32 cpu
..........78800 finished 22879 clusters 81035 passed 35/81 clstr/passed 97.61% done 7737.32 cpu
..........78900 finished 22907 clusters 81067 passed 28/32 clstr/passed 97.65% done 7737.32 cpu
..........79000 finished 22929 clusters 81098 passed 22/31 clstr/passed 97.69% done 7737.55 cpu
..........79100 finished 22952 clusters 81142 passed 23/44 clstr/passed 97.74% done 7737.55 cpu
..........79200 finished 22979 clusters 81184 passed 27/42 clstr/passed 97.79% done 7737.56 cpu
..........79300 finished 23008 clusters 81228 passed 29/44 clstr/passed 97.85% done 7737.56 cpu
..........79400 finished 23038 clusters 81278 passed 30/50 clstr/passed 97.91% done 7737.56 cpu
..........79500 finished 23069 clusters 81332 passed 31/54 clstr/passed 97.97% done 7737.56 cpu
..........79600 finished 23097 clusters 81379 passed 28/47 clstr/passed 98.03% done 7737.56 cpu
..........79700 finished 23131 clusters 81429 passed 34/50 clstr/passed 98.09% done 7737.56 cpu
..........79800 finished 23157 clusters 81468 passed 26/39 clstr/passed 98.14% done 7737.56 cpu
..........79900 finished 23188 clusters 81511 passed 31/43 clstr/passed 98.19% done 7742.6 cpu
..........80000 finished 23215 clusters 81560 passed 27/49 clstr/passed 98.25% done 7742.6 cpu
..........80100 finished 23242 clusters 81594 passed 27/34 clstr/passed 98.29% done 7743.36 cpu
..........80200 finished 23272 clusters 81653 passed 30/59 clstr/passed 98.36% done 7743.36 cpu
..........80300 finished 23301 clusters 81696 passed 29/43 clstr/passed 98.41% done 7743.52 cpu
..........80400 finished 23340 clusters 81751 passed 39/55 clstr/passed 98.48% done 7743.52 cpu
..........80500 finished 23377 clusters 81802 passed 37/51 clstr/passed 98.54% done 7743.52 cpu
..........80600 finished 23410 clusters 81878 passed 33/76 clstr/passed 98.63% done 7743.53 cpu
..........80700 finished 23438 clusters 81925 passed 28/47 clstr/passed 98.69% done 7743.53 cpu
..........80800 finished 23465 clusters 81969 passed 27/44 clstr/passed 98.74% done 7743.53 cpu
..........80900 finished 23499 clusters 82020 passed 34/51 clstr/passed 98.8% done 7743.53 cpu
..........81000 finished 23532 clusters 82060 passed 33/40 clstr/passed 98.85% done 7748.15 cpu
..........81100 finished 23562 clusters 82101 passed 30/41 clstr/passed 98.9% done 7748.15 cpu
..........81200 finished 23587 clusters 82133 passed 25/32 clstr/passed 98.94% done 7748.16 cpu
..........81300 finished 23614 clusters 82170 passed 27/37 clstr/passed 98.98% done 7748.16 cpu
..........81400 finished 23650 clusters 82254 passed 36/84 clstr/passed 99.08% done 7748.17 cpu
..........81500 finished 23673 clusters 82304 passed 23/50 clstr/passed 99.14% done 7748.17 cpu
..........81600 finished 23696 clusters 82339 passed 23/35 clstr/passed 99.18% done 7748.17 cpu
..........81700 finished 23732 clusters 82398 passed 36/59 clstr/passed 99.26% done 7748.28 cpu
..........81800 finished 23763 clusters 82436 passed 31/38 clstr/passed 99.3% done 7748.28 cpu
..........81900 finished 23797 clusters 82490 passed 34/54 clstr/passed 99.37% done 7748.28 cpu
..........82000 finished 23832 clusters 82543 passed 35/53 clstr/passed 99.43% done 7748.37 cpu
..........82100 finished 23865 clusters 82595 passed 33/52 clstr/passed 99.49% done 7751.15 cpu
..........82200 finished 23893 clusters 82631 passed 28/36 clstr/passed 99.54% done 7751.15 cpu
..........82300 finished 23923 clusters 82663 passed 30/32 clstr/passed 99.57% done 7751.24 cpu
..........82400 finished 23948 clusters 82705 passed 25/42 clstr/passed 99.63% done 7751.24 cpu
..........82500 finished 23968 clusters 82731 passed 20/26 clstr/passed 99.66% done 7751.24 cpu
..........82600 finished 24002 clusters 82773 passed 34/42 clstr/passed 99.71% done 7751.32 cpu
..........82700 finished 24043 clusters 82815 passed 41/42 clstr/passed 99.76% done 7751.39 cpu
..........82800 finished 24088 clusters 82873 passed 45/58 clstr/passed 99.83% done 7751.52 cpu
..........82900 finished 24142 clusters 82934 passed 54/61 clstr/passed 99.9% done 7751.68 cpu
..........83000 finished 24203 clusters 83001 passed 61/67 clstr/passed 99.98% done 7752.77 cpu
.83012 finished 24214 clusters 83012 passed 11/11 clstr/passed 100% done 7753.24 cpu
Completed Fri Mar 25 03:02:49 PDT 2022

Total CPUs on remote hosts: 0
